Build started 12/20/2016 2:46:36 PM.
     1>Project "C:\Users\amanz360\Documents\GitHub\MoleAI\MolePime\ExampleAIModule\ExampleAIModule.vcxproj" on node 2 (Build target(s)).
     1>ClCompile:
         C:\Program Files (x86)\Microsoft Visual Studio 12.0\VC\bin\CL.exe /c /I../include /Zi /nologo /W3 /WX- /MP /O2 /Oi /Oy- /GL /D NOMINMAX /D WIN32 /D NDEBUG /D _WINDOWS /D _USRDLL /D EXAMPLEAIMODULE_EXPORTS /D _WINDLL /Gm- /EHsc /MD /GS /Gy /fp:precise /Zc:wchar_t /Zc:forScope /Fo"Release\\" /Fd"Release\vc120.pdb" /Gd /TP /analyze- /errorReport:prompt Source\ActionNodeExample.cpp Source\behavior_tree\lib\src\ActionNode.cpp Source\behavior_tree\lib\src\BehaviorTree.cpp Source\behavior_tree\lib\src\ConditionNode.cpp Source\behavior_tree\lib\src\ControlNode.cpp Source\behavior_tree\lib\src\DecoratorNegationNode.cpp Source\behavior_tree\lib\src\DecoratorRetryNode.cpp Source\behavior_tree\lib\src\Draw.cpp Source\behavior_tree\lib\src\LeafNode.cpp Source\behavior_tree\lib\src\ParallelNode.cpp Source\behavior_tree\lib\src\SelectorNode.cpp Source\behavior_tree\lib\src\SelectorStarNode.cpp Source\behavior_tree\lib\src\SequenceNode.cpp Source\behavior_tree\lib\src\SequenceStarNode.cpp Source\behavior_tree\lib\src\TreeNode.cpp Source\behavior_tree\src\main.cpp
         ActionNodeExample.cpp
         ActionNode.cpp
         BehaviorTree.cpp
         ConditionNode.cpp
     1>C:\Program Files (x86)\Windows Kits\8.1\Include\um\GL/gl.h(1157): error C2144: syntax error : 'void' should be preceded by ';' (Source\behavior_tree\lib\src\BehaviorTree.cpp)
     1>C:\Program Files (x86)\Windows Kits\8.1\Include\um\GL/gl.h(1157): error C4430: missing type specifier - int assumed. Note: C++ does not support default-int (Source\behavior_tree\lib\src\BehaviorTree.cpp)
     1>C:\Program Files (x86)\Windows Kits\8.1\Include\um\GL/gl.h(1157): error C2146: syntax error : missing ';' before identifier 'glAccum' (Source\behavior_tree\lib\src\BehaviorTree.cpp)
     1>C:\Program Files (x86)\Windows Kits\8.1\Include\um\GL/gl.h(1157): error C2182: 'APIENTRY' : illegal use of type 'void' (Source\behavior_tree\lib\src\BehaviorTree.cpp)
     1>C:\Program Files (x86)\Windows Kits\8.1\Include\um\GL/gl.h(1158): error C2144: syntax error : 'void' should be preceded by ';' (Source\behavior_tree\lib\src\BehaviorTree.cpp)
     1>C:\Program Files (x86)\Windows Kits\8.1\Include\um\GL/gl.h(1158): error C4430: missing type specifier - int assumed. Note: C++ does not support default-int (Source\behavior_tree\lib\src\BehaviorTree.cpp)
     1>C:\Program Files (x86)\Windows Kits\8.1\Include\um\GL/gl.h(1158): error C2086: 'int WINGDIAPI' : redefinition (Source\behavior_tree\lib\src\BehaviorTree.cpp)
                 C:\Program Files (x86)\Windows Kits\8.1\Include\um\GL/gl.h(1157) : see declaration of 'WINGDIAPI'
     1>C:\Program Files (x86)\Windows Kits\8.1\Include\um\GL/gl.h(1158): error C2146: syntax error : missing ';' before identifier 'glAlphaFunc' (Source\behavior_tree\lib\src\BehaviorTree.cpp)
     1>C:\Program Files (x86)\Windows Kits\8.1\Include\um\GL/gl.h(1158): error C2182: 'APIENTRY' : illegal use of type 'void' (Source\behavior_tree\lib\src\BehaviorTree.cpp)
     1>C:\Program Files (x86)\Windows Kits\8.1\Include\um\GL/gl.h(1158): error C2086: 'int APIENTRY' : redefinition (Source\behavior_tree\lib\src\BehaviorTree.cpp)
                 C:\Program Files (x86)\Windows Kits\8.1\Include\um\GL/gl.h(1157) : see declaration of 'APIENTRY'
     1>C:\Program Files (x86)\Windows Kits\8.1\Include\um\GL/gl.h(1159): error C2146: syntax error : missing ';' before identifier 'GLboolean' (Source\behavior_tree\lib\src\BehaviorTree.cpp)
     1>C:\Program Files (x86)\Windows Kits\8.1\Include\um\GL/gl.h(1159): error C4430: missing type specifier - int assumed. Note: C++ does not support default-int (Source\behavior_tree\lib\src\BehaviorTree.cpp)
     1>C:\Program Files (x86)\Windows Kits\8.1\Include\um\GL/gl.h(1159): error C2086: 'int WINGDIAPI' : redefinition (Source\behavior_tree\lib\src\BehaviorTree.cpp)
                 C:\Program Files (x86)\Windows Kits\8.1\Include\um\GL/gl.h(1157) : see declaration of 'WINGDIAPI'
     1>C:\Program Files (x86)\Windows Kits\8.1\Include\um\GL/gl.h(1159): error C2146: syntax error : missing ';' before identifier 'glAreTexturesResident' (Source\behavior_tree\lib\src\BehaviorTree.cpp)
     1>C:\Program Files (x86)\Windows Kits\8.1\Include\um\GL/gl.h(1159): error C2371: 'APIENTRY' : redefinition; different basic types (Source\behavior_tree\lib\src\BehaviorTree.cpp)
                 C:\Program Files (x86)\Windows Kits\8.1\Include\um\GL/gl.h(1157) : see declaration of 'APIENTRY'
     1>C:\Program Files (x86)\Windows Kits\8.1\Include\um\GL/gl.h(1160): error C2144: syntax error : 'void' should be preceded by ';' (Source\behavior_tree\lib\src\BehaviorTree.cpp)
     1>C:\Program Files (x86)\Windows Kits\8.1\Include\um\GL/gl.h(1160): error C4430: missing type specifier - int assumed. Note: C++ does not support default-int (Source\behavior_tree\lib\src\BehaviorTree.cpp)
     1>C:\Program Files (x86)\Windows Kits\8.1\Include\um\GL/gl.h(1160): error C2086: 'int WINGDIAPI' : redefinition (Source\behavior_tree\lib\src\BehaviorTree.cpp)
                 C:\Program Files (x86)\Windows Kits\8.1\Include\um\GL/gl.h(1157) : see declaration of 'WINGDIAPI'
     1>C:\Program Files (x86)\Windows Kits\8.1\Include\um\GL/gl.h(1160): error C2146: syntax error : missing ';' before identifier 'glArrayElement' (Source\behavior_tree\lib\src\BehaviorTree.cpp)
     1>C:\Program Files (x86)\Windows Kits\8.1\Include\um\GL/gl.h(1160): error C2182: 'APIENTRY' : illegal use of type 'void' (Source\behavior_tree\lib\src\BehaviorTree.cpp)
     1>C:\Program Files (x86)\Windows Kits\8.1\Include\um\GL/gl.h(1160): error C2086: 'int APIENTRY' : redefinition (Source\behavior_tree\lib\src\BehaviorTree.cpp)
                 C:\Program Files (x86)\Windows Kits\8.1\Include\um\GL/gl.h(1157) : see declaration of 'APIENTRY'
     1>C:\Program Files (x86)\Windows Kits\8.1\Include\um\GL/gl.h(1161): error C2144: syntax error : 'void' should be preceded by ';' (Source\behavior_tree\lib\src\BehaviorTree.cpp)
     1>C:\Program Files (x86)\Windows Kits\8.1\Include\um\GL/gl.h(1161): error C4430: missing type specifier - int assumed. Note: C++ does not support default-int (Source\behavior_tree\lib\src\BehaviorTree.cpp)
     1>C:\Program Files (x86)\Windows Kits\8.1\Include\um\GL/gl.h(1161): error C2086: 'int WINGDIAPI' : redefinition (Source\behavior_tree\lib\src\BehaviorTree.cpp)
                 C:\Program Files (x86)\Windows Kits\8.1\Include\um\GL/gl.h(1157) : see declaration of 'WINGDIAPI'
     1>C:\Program Files (x86)\Windows Kits\8.1\Include\um\GL/gl.h(1161): error C2146: syntax error : missing ';' before identifier 'glBegin' (Source\behavior_tree\lib\src\BehaviorTree.cpp)
     1>C:\Program Files (x86)\Windows Kits\8.1\Include\um\GL/gl.h(1161): error C2182: 'APIENTRY' : illegal use of type 'void' (Source\behavior_tree\lib\src\BehaviorTree.cpp)
     1>C:\Program Files (x86)\Windows Kits\8.1\Include\um\GL/gl.h(1161): error C2086: 'int APIENTRY' : redefinition (Source\behavior_tree\lib\src\BehaviorTree.cpp)
                 C:\Program Files (x86)\Windows Kits\8.1\Include\um\GL/gl.h(1157) : see declaration of 'APIENTRY'
     1>C:\Program Files (x86)\Windows Kits\8.1\Include\um\GL/gl.h(1162): error C2144: syntax error : 'void' should be preceded by ';' (Source\behavior_tree\lib\src\BehaviorTree.cpp)
     1>C:\Program Files (x86)\Windows Kits\8.1\Include\um\GL/gl.h(1162): error C4430: missing type specifier - int assumed. Note: C++ does not support default-int (Source\behavior_tree\lib\src\BehaviorTree.cpp)
     1>C:\Program Files (x86)\Windows Kits\8.1\Include\um\GL/gl.h(1162): error C2086: 'int WINGDIAPI' : redefinition (Source\behavior_tree\lib\src\BehaviorTree.cpp)
                 C:\Program Files (x86)\Windows Kits\8.1\Include\um\GL/gl.h(1157) : see declaration of 'WINGDIAPI'
     1>C:\Program Files (x86)\Windows Kits\8.1\Include\um\GL/gl.h(1162): error C2146: syntax error : missing ';' before identifier 'glBindTexture' (Source\behavior_tree\lib\src\BehaviorTree.cpp)
     1>C:\Program Files (x86)\Windows Kits\8.1\Include\um\GL/gl.h(1162): error C2182: 'APIENTRY' : illegal use of type 'void' (Source\behavior_tree\lib\src\BehaviorTree.cpp)
     1>C:\Program Files (x86)\Windows Kits\8.1\Include\um\GL/gl.h(1162): error C2086: 'int APIENTRY' : redefinition (Source\behavior_tree\lib\src\BehaviorTree.cpp)
                 C:\Program Files (x86)\Windows Kits\8.1\Include\um\GL/gl.h(1157) : see declaration of 'APIENTRY'
     1>C:\Program Files (x86)\Windows Kits\8.1\Include\um\GL/gl.h(1163): error C2144: syntax error : 'void' should be preceded by ';' (Source\behavior_tree\lib\src\BehaviorTree.cpp)
     1>C:\Program Files (x86)\Windows Kits\8.1\Include\um\GL/gl.h(1163): error C4430: missing type specifier - int assumed. Note: C++ does not support default-int (Source\behavior_tree\lib\src\BehaviorTree.cpp)
     1>C:\Program Files (x86)\Windows Kits\8.1\Include\um\GL/gl.h(1163): error C2086: 'int WINGDIAPI' : redefinition (Source\behavior_tree\lib\src\BehaviorTree.cpp)
                 C:\Program Files (x86)\Windows Kits\8.1\Include\um\GL/gl.h(1157) : see declaration of 'WINGDIAPI'
     1>C:\Program Files (x86)\Windows Kits\8.1\Include\um\GL/gl.h(1163): error C2146: syntax error : missing ';' before identifier 'glBitmap' (Source\behavior_tree\lib\src\BehaviorTree.cpp)
     1>C:\Program Files (x86)\Windows Kits\8.1\Include\um\GL/gl.h(1163): error C2182: 'APIENTRY' : illegal use of type 'void' (Source\behavior_tree\lib\src\BehaviorTree.cpp)
     1>C:\Program Files (x86)\Windows Kits\8.1\Include\um\GL/gl.h(1163): error C2086: 'int APIENTRY' : redefinition (Source\behavior_tree\lib\src\BehaviorTree.cpp)
                 C:\Program Files (x86)\Windows Kits\8.1\Include\um\GL/gl.h(1157) : see declaration of 'APIENTRY'
     1>C:\Program Files (x86)\Windows Kits\8.1\Include\um\GL/gl.h(1164): error C2144: syntax error : 'void' should be preceded by ';' (Source\behavior_tree\lib\src\BehaviorTree.cpp)
     1>C:\Program Files (x86)\Windows Kits\8.1\Include\um\GL/gl.h(1164): error C4430: missing type specifier - int assumed. Note: C++ does not support default-int (Source\behavior_tree\lib\src\BehaviorTree.cpp)
     1>C:\Program Files (x86)\Windows Kits\8.1\Include\um\GL/gl.h(1164): error C2086: 'int WINGDIAPI' : redefinition (Source\behavior_tree\lib\src\BehaviorTree.cpp)
                 C:\Program Files (x86)\Windows Kits\8.1\Include\um\GL/gl.h(1157) : see declaration of 'WINGDIAPI'
     1>C:\Program Files (x86)\Windows Kits\8.1\Include\um\GL/gl.h(1164): error C2146: syntax error : missing ';' before identifier 'glBlendFunc' (Source\behavior_tree\lib\src\BehaviorTree.cpp)
     1>C:\Program Files (x86)\Windows Kits\8.1\Include\um\GL/gl.h(1164): error C2182: 'APIENTRY' : illegal use of type 'void' (Source\behavior_tree\lib\src\BehaviorTree.cpp)
     1>C:\Program Files (x86)\Windows Kits\8.1\Include\um\GL/gl.h(1164): error C2086: 'int APIENTRY' : redefinition (Source\behavior_tree\lib\src\BehaviorTree.cpp)
                 C:\Program Files (x86)\Windows Kits\8.1\Include\um\GL/gl.h(1157) : see declaration of 'APIENTRY'
     1>C:\Program Files (x86)\Windows Kits\8.1\Include\um\GL/gl.h(1165): error C2144: syntax error : 'void' should be preceded by ';' (Source\behavior_tree\lib\src\BehaviorTree.cpp)
     1>C:\Program Files (x86)\Windows Kits\8.1\Include\um\GL/gl.h(1165): error C4430: missing type specifier - int assumed. Note: C++ does not support default-int (Source\behavior_tree\lib\src\BehaviorTree.cpp)
     1>C:\Program Files (x86)\Windows Kits\8.1\Include\um\GL/gl.h(1165): error C2086: 'int WINGDIAPI' : redefinition (Source\behavior_tree\lib\src\BehaviorTree.cpp)
                 C:\Program Files (x86)\Windows Kits\8.1\Include\um\GL/gl.h(1157) : see declaration of 'WINGDIAPI'
     1>C:\Program Files (x86)\Windows Kits\8.1\Include\um\GL/gl.h(1165): error C2146: syntax error : missing ';' before identifier 'glCallList' (Source\behavior_tree\lib\src\BehaviorTree.cpp)
     1>C:\Program Files (x86)\Windows Kits\8.1\Include\um\GL/gl.h(1165): error C2182: 'APIENTRY' : illegal use of type 'void' (Source\behavior_tree\lib\src\BehaviorTree.cpp)
     1>C:\Program Files (x86)\Windows Kits\8.1\Include\um\GL/gl.h(1165): error C2086: 'int APIENTRY' : redefinition (Source\behavior_tree\lib\src\BehaviorTree.cpp)
                 C:\Program Files (x86)\Windows Kits\8.1\Include\um\GL/gl.h(1157) : see declaration of 'APIENTRY'
     1>C:\Program Files (x86)\Windows Kits\8.1\Include\um\GL/gl.h(1166): error C2144: syntax error : 'void' should be preceded by ';' (Source\behavior_tree\lib\src\BehaviorTree.cpp)
     1>C:\Program Files (x86)\Windows Kits\8.1\Include\um\GL/gl.h(1166): error C4430: missing type specifier - int assumed. Note: C++ does not support default-int (Source\behavior_tree\lib\src\BehaviorTree.cpp)
     1>C:\Program Files (x86)\Windows Kits\8.1\Include\um\GL/gl.h(1166): error C2086: 'int WINGDIAPI' : redefinition (Source\behavior_tree\lib\src\BehaviorTree.cpp)
                 C:\Program Files (x86)\Windows Kits\8.1\Include\um\GL/gl.h(1157) : see declaration of 'WINGDIAPI'
     1>C:\Program Files (x86)\Windows Kits\8.1\Include\um\GL/gl.h(1166): error C2146: syntax error : missing ';' before identifier 'glCallLists' (Source\behavior_tree\lib\src\BehaviorTree.cpp)
     1>C:\Program Files (x86)\Windows Kits\8.1\Include\um\GL/gl.h(1166): error C2182: 'APIENTRY' : illegal use of type 'void' (Source\behavior_tree\lib\src\BehaviorTree.cpp)
     1>C:\Program Files (x86)\Windows Kits\8.1\Include\um\GL/gl.h(1166): error C2086: 'int APIENTRY' : redefinition (Source\behavior_tree\lib\src\BehaviorTree.cpp)
                 C:\Program Files (x86)\Windows Kits\8.1\Include\um\GL/gl.h(1157) : see declaration of 'APIENTRY'
     1>C:\Program Files (x86)\Windows Kits\8.1\Include\um\GL/gl.h(1167): error C2144: syntax error : 'void' should be preceded by ';' (Source\behavior_tree\lib\src\BehaviorTree.cpp)
     1>C:\Program Files (x86)\Windows Kits\8.1\Include\um\GL/gl.h(1167): error C4430: missing type specifier - int assumed. Note: C++ does not support default-int (Source\behavior_tree\lib\src\BehaviorTree.cpp)
     1>C:\Program Files (x86)\Windows Kits\8.1\Include\um\GL/gl.h(1167): error C2086: 'int WINGDIAPI' : redefinition (Source\behavior_tree\lib\src\BehaviorTree.cpp)
                 C:\Program Files (x86)\Windows Kits\8.1\Include\um\GL/gl.h(1157) : see declaration of 'WINGDIAPI'
     1>C:\Program Files (x86)\Windows Kits\8.1\Include\um\GL/gl.h(1167): error C2146: syntax error : missing ';' before identifier 'glClear' (Source\behavior_tree\lib\src\BehaviorTree.cpp)
     1>C:\Program Files (x86)\Windows Kits\8.1\Include\um\GL/gl.h(1167): error C2182: 'APIENTRY' : illegal use of type 'void' (Source\behavior_tree\lib\src\BehaviorTree.cpp)
     1>C:\Program Files (x86)\Windows Kits\8.1\Include\um\GL/gl.h(1167): error C2086: 'int APIENTRY' : redefinition (Source\behavior_tree\lib\src\BehaviorTree.cpp)
                 C:\Program Files (x86)\Windows Kits\8.1\Include\um\GL/gl.h(1157) : see declaration of 'APIENTRY'
     1>C:\Program Files (x86)\Windows Kits\8.1\Include\um\GL/gl.h(1168): error C2144: syntax error : 'void' should be preceded by ';' (Source\behavior_tree\lib\src\BehaviorTree.cpp)
     1>C:\Program Files (x86)\Windows Kits\8.1\Include\um\GL/gl.h(1168): error C4430: missing type specifier - int assumed. Note: C++ does not support default-int (Source\behavior_tree\lib\src\BehaviorTree.cpp)
     1>C:\Program Files (x86)\Windows Kits\8.1\Include\um\GL/gl.h(1168): error C2086: 'int WINGDIAPI' : redefinition (Source\behavior_tree\lib\src\BehaviorTree.cpp)
                 C:\Program Files (x86)\Windows Kits\8.1\Include\um\GL/gl.h(1157) : see declaration of 'WINGDIAPI'
     1>C:\Program Files (x86)\Windows Kits\8.1\Include\um\GL/gl.h(1168): error C2146: syntax error : missing ';' before identifier 'glClearAccum' (Source\behavior_tree\lib\src\BehaviorTree.cpp)
     1>C:\Program Files (x86)\Windows Kits\8.1\Include\um\GL/gl.h(1168): error C2182: 'APIENTRY' : illegal use of type 'void' (Source\behavior_tree\lib\src\BehaviorTree.cpp)
     1>C:\Program Files (x86)\Windows Kits\8.1\Include\um\GL/gl.h(1168): error C2086: 'int APIENTRY' : redefinition (Source\behavior_tree\lib\src\BehaviorTree.cpp)
                 C:\Program Files (x86)\Windows Kits\8.1\Include\um\GL/gl.h(1157) : see declaration of 'APIENTRY'
     1>C:\Program Files (x86)\Windows Kits\8.1\Include\um\GL/gl.h(1169): error C2144: syntax error : 'void' should be preceded by ';' (Source\behavior_tree\lib\src\BehaviorTree.cpp)
     1>C:\Program Files (x86)\Windows Kits\8.1\Include\um\GL/gl.h(1169): error C4430: missing type specifier - int assumed. Note: C++ does not support default-int (Source\behavior_tree\lib\src\BehaviorTree.cpp)
     1>C:\Program Files (x86)\Windows Kits\8.1\Include\um\GL/gl.h(1169): error C2086: 'int WINGDIAPI' : redefinition (Source\behavior_tree\lib\src\BehaviorTree.cpp)
                 C:\Program Files (x86)\Windows Kits\8.1\Include\um\GL/gl.h(1157) : see declaration of 'WINGDIAPI'
     1>C:\Program Files (x86)\Windows Kits\8.1\Include\um\GL/gl.h(1169): error C2146: syntax error : missing ';' before identifier 'glClearColor' (Source\behavior_tree\lib\src\BehaviorTree.cpp)
     1>C:\Program Files (x86)\Windows Kits\8.1\Include\um\GL/gl.h(1169): error C2182: 'APIENTRY' : illegal use of type 'void' (Source\behavior_tree\lib\src\BehaviorTree.cpp)
     1>C:\Program Files (x86)\Windows Kits\8.1\Include\um\GL/gl.h(1169): error C2086: 'int APIENTRY' : redefinition (Source\behavior_tree\lib\src\BehaviorTree.cpp)
                 C:\Program Files (x86)\Windows Kits\8.1\Include\um\GL/gl.h(1157) : see declaration of 'APIENTRY'
     1>C:\Program Files (x86)\Windows Kits\8.1\Include\um\GL/gl.h(1170): error C2144: syntax error : 'void' should be preceded by ';' (Source\behavior_tree\lib\src\BehaviorTree.cpp)
     1>C:\Program Files (x86)\Windows Kits\8.1\Include\um\GL/gl.h(1170): error C4430: missing type specifier - int assumed. Note: C++ does not support default-int (Source\behavior_tree\lib\src\BehaviorTree.cpp)
     1>C:\Program Files (x86)\Windows Kits\8.1\Include\um\GL/gl.h(1170): error C2086: 'int WINGDIAPI' : redefinition (Source\behavior_tree\lib\src\BehaviorTree.cpp)
                 C:\Program Files (x86)\Windows Kits\8.1\Include\um\GL/gl.h(1157) : see declaration of 'WINGDIAPI'
     1>C:\Program Files (x86)\Windows Kits\8.1\Include\um\GL/gl.h(1170): error C2146: syntax error : missing ';' before identifier 'glClearDepth' (Source\behavior_tree\lib\src\BehaviorTree.cpp)
     1>C:\Program Files (x86)\Windows Kits\8.1\Include\um\GL/gl.h(1170): error C2182: 'APIENTRY' : illegal use of type 'void' (Source\behavior_tree\lib\src\BehaviorTree.cpp)
     1>C:\Program Files (x86)\Windows Kits\8.1\Include\um\GL/gl.h(1170): error C2086: 'int APIENTRY' : redefinition (Source\behavior_tree\lib\src\BehaviorTree.cpp)
                 C:\Program Files (x86)\Windows Kits\8.1\Include\um\GL/gl.h(1157) : see declaration of 'APIENTRY'
     1>C:\Program Files (x86)\Windows Kits\8.1\Include\um\GL/gl.h(1171): error C2144: syntax error : 'void' should be preceded by ';' (Source\behavior_tree\lib\src\BehaviorTree.cpp)
     1>C:\Program Files (x86)\Windows Kits\8.1\Include\um\GL/gl.h(1171): error C4430: missing type specifier - int assumed. Note: C++ does not support default-int (Source\behavior_tree\lib\src\BehaviorTree.cpp)
     1>C:\Program Files (x86)\Windows Kits\8.1\Include\um\GL/gl.h(1171): error C2086: 'int WINGDIAPI' : redefinition (Source\behavior_tree\lib\src\BehaviorTree.cpp)
                 C:\Program Files (x86)\Windows Kits\8.1\Include\um\GL/gl.h(1157) : see declaration of 'WINGDIAPI'
     1>C:\Program Files (x86)\Windows Kits\8.1\Include\um\GL/gl.h(1171): error C2146: syntax error : missing ';' before identifier 'glClearIndex' (Source\behavior_tree\lib\src\BehaviorTree.cpp)
     1>C:\Program Files (x86)\Windows Kits\8.1\Include\um\GL/gl.h(1171): error C2182: 'APIENTRY' : illegal use of type 'void' (Source\behavior_tree\lib\src\BehaviorTree.cpp)
     1>C:\Program Files (x86)\Windows Kits\8.1\Include\um\GL/gl.h(1171): error C2086: 'int APIENTRY' : redefinition (Source\behavior_tree\lib\src\BehaviorTree.cpp)
                 C:\Program Files (x86)\Windows Kits\8.1\Include\um\GL/gl.h(1157) : see declaration of 'APIENTRY'
     1>C:\Program Files (x86)\Windows Kits\8.1\Include\um\GL/gl.h(1172): error C2144: syntax error : 'void' should be preceded by ';' (Source\behavior_tree\lib\src\BehaviorTree.cpp)
     1>C:\Program Files (x86)\Windows Kits\8.1\Include\um\GL/gl.h(1172): error C4430: missing type specifier - int assumed. Note: C++ does not support default-int (Source\behavior_tree\lib\src\BehaviorTree.cpp)
     1>C:\Program Files (x86)\Windows Kits\8.1\Include\um\GL/gl.h(1172): error C2086: 'int WINGDIAPI' : redefinition (Source\behavior_tree\lib\src\BehaviorTree.cpp)
                 C:\Program Files (x86)\Windows Kits\8.1\Include\um\GL/gl.h(1157) : see declaration of 'WINGDIAPI'
     1>C:\Program Files (x86)\Windows Kits\8.1\Include\um\GL/gl.h(1172): error C2146: syntax error : missing ';' before identifier 'glClearStencil' (Source\behavior_tree\lib\src\BehaviorTree.cpp)
     1>C:\Program Files (x86)\Windows Kits\8.1\Include\um\GL/gl.h(1172): error C2182: 'APIENTRY' : illegal use of type 'void' (Source\behavior_tree\lib\src\BehaviorTree.cpp)
     1>C:\Program Files (x86)\Windows Kits\8.1\Include\um\GL/gl.h(1172): error C2086: 'int APIENTRY' : redefinition (Source\behavior_tree\lib\src\BehaviorTree.cpp)
                 C:\Program Files (x86)\Windows Kits\8.1\Include\um\GL/gl.h(1157) : see declaration of 'APIENTRY'
     1>C:\Program Files (x86)\Windows Kits\8.1\Include\um\GL/gl.h(1173): error C2144: syntax error : 'void' should be preceded by ';' (Source\behavior_tree\lib\src\BehaviorTree.cpp)
     1>C:\Program Files (x86)\Windows Kits\8.1\Include\um\GL/gl.h(1173): error C4430: missing type specifier - int assumed. Note: C++ does not support default-int (Source\behavior_tree\lib\src\BehaviorTree.cpp)
     1>C:\Program Files (x86)\Windows Kits\8.1\Include\um\GL/gl.h(1173): error C2086: 'int WINGDIAPI' : redefinition (Source\behavior_tree\lib\src\BehaviorTree.cpp)
                 C:\Program Files (x86)\Windows Kits\8.1\Include\um\GL/gl.h(1157) : see declaration of 'WINGDIAPI'
     1>C:\Program Files (x86)\Windows Kits\8.1\Include\um\GL/gl.h(1173): error C2146: syntax error : missing ';' before identifier 'glClipPlane' (Source\behavior_tree\lib\src\BehaviorTree.cpp)
     1>C:\Program Files (x86)\Windows Kits\8.1\Include\um\GL/gl.h(1173): error C2182: 'APIENTRY' : illegal use of type 'void' (Source\behavior_tree\lib\src\BehaviorTree.cpp)
     1>C:\Program Files (x86)\Windows Kits\8.1\Include\um\GL/gl.h(1173): error C2086: 'int APIENTRY' : redefinition (Source\behavior_tree\lib\src\BehaviorTree.cpp)
                 C:\Program Files (x86)\Windows Kits\8.1\Include\um\GL/gl.h(1157) : see declaration of 'APIENTRY'
     1>C:\Program Files (x86)\Windows Kits\8.1\Include\um\GL/gl.h(1174): error C2144: syntax error : 'void' should be preceded by ';' (Source\behavior_tree\lib\src\BehaviorTree.cpp)
     1>C:\Program Files (x86)\Windows Kits\8.1\Include\um\GL/gl.h(1174): error C4430: missing type specifier - int assumed. Note: C++ does not support default-int (Source\behavior_tree\lib\src\BehaviorTree.cpp)
     1>C:\Program Files (x86)\Windows Kits\8.1\Include\um\GL/gl.h(1174): error C2086: 'int WINGDIAPI' : redefinition (Source\behavior_tree\lib\src\BehaviorTree.cpp)
                 C:\Program Files (x86)\Windows Kits\8.1\Include\um\GL/gl.h(1157) : see declaration of 'WINGDIAPI'
     1>C:\Program Files (x86)\Windows Kits\8.1\Include\um\GL/gl.h(1174): error C2146: syntax error : missing ';' before identifier 'glColor3b' (Source\behavior_tree\lib\src\BehaviorTree.cpp)
     1>C:\Program Files (x86)\Windows Kits\8.1\Include\um\GL/gl.h(1174): error C2182: 'APIENTRY' : illegal use of type 'void' (Source\behavior_tree\lib\src\BehaviorTree.cpp)
     1>C:\Program Files (x86)\Windows Kits\8.1\Include\um\GL/gl.h(1174): error C2086: 'int APIENTRY' : redefinition (Source\behavior_tree\lib\src\BehaviorTree.cpp)
                 C:\Program Files (x86)\Windows Kits\8.1\Include\um\GL/gl.h(1157) : see declaration of 'APIENTRY'
     1>C:\Program Files (x86)\Windows Kits\8.1\Include\um\GL/gl.h(1175): error C2144: syntax error : 'void' should be preceded by ';' (Source\behavior_tree\lib\src\BehaviorTree.cpp)
     1>C:\Program Files (x86)\Windows Kits\8.1\Include\um\GL/gl.h(1175): error C4430: missing type specifier - int assumed. Note: C++ does not support default-int (Source\behavior_tree\lib\src\BehaviorTree.cpp)
     1>C:\Program Files (x86)\Windows Kits\8.1\Include\um\GL/gl.h(1175): error C2086: 'int WINGDIAPI' : redefinition (Source\behavior_tree\lib\src\BehaviorTree.cpp)
                 C:\Program Files (x86)\Windows Kits\8.1\Include\um\GL/gl.h(1157) : see declaration of 'WINGDIAPI'
     1>C:\Program Files (x86)\Windows Kits\8.1\Include\um\GL/gl.h(1175): error C2146: syntax error : missing ';' before identifier 'glColor3bv' (Source\behavior_tree\lib\src\BehaviorTree.cpp)
     1>C:\Program Files (x86)\Windows Kits\8.1\Include\um\GL/gl.h(1175): error C2182: 'APIENTRY' : illegal use of type 'void' (Source\behavior_tree\lib\src\BehaviorTree.cpp)
     1>C:\Program Files (x86)\Windows Kits\8.1\Include\um\GL/gl.h(1175): error C2086: 'int APIENTRY' : redefinition (Source\behavior_tree\lib\src\BehaviorTree.cpp)
                 C:\Program Files (x86)\Windows Kits\8.1\Include\um\GL/gl.h(1157) : see declaration of 'APIENTRY'
     1>C:\Program Files (x86)\Windows Kits\8.1\Include\um\GL/gl.h(1176): error C2144: syntax error : 'void' should be preceded by ';' (Source\behavior_tree\lib\src\BehaviorTree.cpp)
     1>C:\Program Files (x86)\Windows Kits\8.1\Include\um\GL/gl.h(1176): error C4430: missing type specifier - int assumed. Note: C++ does not support default-int (Source\behavior_tree\lib\src\BehaviorTree.cpp)
     1>C:\Program Files (x86)\Windows Kits\8.1\Include\um\GL/gl.h(1176): error C2086: 'int WINGDIAPI' : redefinition (Source\behavior_tree\lib\src\BehaviorTree.cpp)
                 C:\Program Files (x86)\Windows Kits\8.1\Include\um\GL/gl.h(1157) : see declaration of 'WINGDIAPI'
     1>C:\Program Files (x86)\Windows Kits\8.1\Include\um\GL/gl.h(1176): error C2146: syntax error : missing ';' before identifier 'glColor3d' (Source\behavior_tree\lib\src\BehaviorTree.cpp)
     1>C:\Program Files (x86)\Windows Kits\8.1\Include\um\GL/gl.h(1176): error C2182: 'APIENTRY' : illegal use of type 'void' (Source\behavior_tree\lib\src\BehaviorTree.cpp)
     1>C:\Program Files (x86)\Windows Kits\8.1\Include\um\GL/gl.h(1176): error C2086: 'int APIENTRY' : redefinition (Source\behavior_tree\lib\src\BehaviorTree.cpp)
                 C:\Program Files (x86)\Windows Kits\8.1\Include\um\GL/gl.h(1157) : see declaration of 'APIENTRY'
     1>C:\Program Files (x86)\Windows Kits\8.1\Include\um\GL/gl.h(1177): error C2144: syntax error : 'void' should be preceded by ';' (Source\behavior_tree\lib\src\BehaviorTree.cpp)
     1>C:\Program Files (x86)\Windows Kits\8.1\Include\um\GL/gl.h(1177): error C4430: missing type specifier - int assumed. Note: C++ does not support default-int (Source\behavior_tree\lib\src\BehaviorTree.cpp)
     1>C:\Program Files (x86)\Windows Kits\8.1\Include\um\GL/gl.h(1177): error C2086: 'int WINGDIAPI' : redefinition (Source\behavior_tree\lib\src\BehaviorTree.cpp)
                 C:\Program Files (x86)\Windows Kits\8.1\Include\um\GL/gl.h(1157) : see declaration of 'WINGDIAPI'
     1>C:\Program Files (x86)\Windows Kits\8.1\Include\um\GL/gl.h(1177): error C2146: syntax error : missing ';' before identifier 'glColor3dv' (Source\behavior_tree\lib\src\BehaviorTree.cpp)
     1>C:\Program Files (x86)\Windows Kits\8.1\Include\um\GL/gl.h(1177): error C2182: 'APIENTRY' : illegal use of type 'void' (Source\behavior_tree\lib\src\BehaviorTree.cpp)
     1>C:\Program Files (x86)\Windows Kits\8.1\Include\um\GL/gl.h(1177): fatal error C1003: error count exceeds 100; stopping compilation (Source\behavior_tree\lib\src\BehaviorTree.cpp)
         ControlNode.cpp
     1>Source\behavior_tree\lib\src\ConditionNode.cpp(6): error C2512: 'BT::LeafNode' : no appropriate default constructor available
     1>Source\behavior_tree\lib\src\ConditionNode.cpp(6): error C2436: '{ctor}' : member function or nested class in constructor initializer list
         DecoratorNegationNode.cpp
     1>Source\behavior_tree\lib\src\ActionNode.cpp(6): error C2512: 'BT::LeafNode' : no appropriate default constructor available
     1>Source\behavior_tree\lib\src\ActionNode.cpp(6): error C2436: '{ctor}' : member function or nested class in constructor initializer list
         DecoratorRetryNode.cpp
     1>Source\ActionNodeExample.cpp(7): error C2512: 'BT::ActionNode' : no appropriate default constructor available
     1>Source\ActionNodeExample.cpp(7): error C2436: '{ctor}' : member function or nested class in constructor initializer list
     1>Source\ActionNodeExample.cpp(41): error C2146: syntax error : missing ')' before identifier 'and'
     1>Source\ActionNodeExample.cpp(41): error C2065: 'and' : undeclared identifier
     1>Source\ActionNodeExample.cpp(41): error C2146: syntax error : missing ';' before identifier 'i'
     1>Source\ActionNodeExample.cpp(41): error C2059: syntax error : ')'
     1>Source\ActionNodeExample.cpp(44): error C2143: syntax error : missing '}' before ';'
     1>Source\ActionNodeExample.cpp(44): error C2064: term does not evaluate to a function taking 1 arguments
     1>Source\ActionNodeExample.cpp(70): error C2044: illegal continue
     1>Source\ActionNodeExample.cpp(89): error C2059: syntax error : '}'
     1>Source\ActionNodeExample.cpp(89): error C2143: syntax error : missing ';' before '}'
     1>Source\ActionNodeExample.cpp(91): error C2143: syntax error : missing ';' before '{'
     1>Source\ActionNodeExample.cpp(91): error C2447: '{' : missing function header (old-style formal list?)
     1>Source\behavior_tree\lib\src\ControlNode.cpp(6): error C2512: 'BT::TreeNode' : no appropriate default constructor available
     1>Source\behavior_tree\lib\src\ControlNode.cpp(6): error C2436: '{ctor}' : member function or nested class in constructor initializer list
         Draw.cpp
     1>Source\behavior_tree\lib\src\ControlNode.cpp(117): warning C4018: '<' : signed/unsigned mismatch
         LeafNode.cpp
     1>C:\Program Files (x86)\Windows Kits\8.1\Include\um\GL/gl.h(1157): error C2144: syntax error : 'void' should be preceded by ';' (Source\behavior_tree\lib\src\Draw.cpp)
     1>C:\Program Files (x86)\Windows Kits\8.1\Include\um\GL/gl.h(1157): error C4430: missing type specifier - int assumed. Note: C++ does not support default-int (Source\behavior_tree\lib\src\Draw.cpp)
     1>C:\Program Files (x86)\Windows Kits\8.1\Include\um\GL/gl.h(1157): error C2146: syntax error : missing ';' before identifier 'glAccum' (Source\behavior_tree\lib\src\Draw.cpp)
     1>C:\Program Files (x86)\Windows Kits\8.1\Include\um\GL/gl.h(1157): error C2182: 'APIENTRY' : illegal use of type 'void' (Source\behavior_tree\lib\src\Draw.cpp)
     1>C:\Program Files (x86)\Windows Kits\8.1\Include\um\GL/gl.h(1158): error C2144: syntax error : 'void' should be preceded by ';' (Source\behavior_tree\lib\src\Draw.cpp)
     1>C:\Program Files (x86)\Windows Kits\8.1\Include\um\GL/gl.h(1158): error C4430: missing type specifier - int assumed. Note: C++ does not support default-int (Source\behavior_tree\lib\src\Draw.cpp)
     1>C:\Program Files (x86)\Windows Kits\8.1\Include\um\GL/gl.h(1158): error C2086: 'int WINGDIAPI' : redefinition (Source\behavior_tree\lib\src\Draw.cpp)
                 C:\Program Files (x86)\Windows Kits\8.1\Include\um\GL/gl.h(1157) : see declaration of 'WINGDIAPI'
     1>C:\Program Files (x86)\Windows Kits\8.1\Include\um\GL/gl.h(1158): error C2146: syntax error : missing ';' before identifier 'glAlphaFunc' (Source\behavior_tree\lib\src\Draw.cpp)
     1>C:\Program Files (x86)\Windows Kits\8.1\Include\um\GL/gl.h(1158): error C2182: 'APIENTRY' : illegal use of type 'void' (Source\behavior_tree\lib\src\Draw.cpp)
     1>C:\Program Files (x86)\Windows Kits\8.1\Include\um\GL/gl.h(1158): error C2086: 'int APIENTRY' : redefinition (Source\behavior_tree\lib\src\Draw.cpp)
                 C:\Program Files (x86)\Windows Kits\8.1\Include\um\GL/gl.h(1157) : see declaration of 'APIENTRY'
     1>C:\Program Files (x86)\Windows Kits\8.1\Include\um\GL/gl.h(1159): error C2146: syntax error : missing ';' before identifier 'GLboolean' (Source\behavior_tree\lib\src\Draw.cpp)
     1>C:\Program Files (x86)\Windows Kits\8.1\Include\um\GL/gl.h(1159): error C4430: missing type specifier - int assumed. Note: C++ does not support default-int (Source\behavior_tree\lib\src\Draw.cpp)
     1>C:\Program Files (x86)\Windows Kits\8.1\Include\um\GL/gl.h(1159): error C2086: 'int WINGDIAPI' : redefinition (Source\behavior_tree\lib\src\Draw.cpp)
                 C:\Program Files (x86)\Windows Kits\8.1\Include\um\GL/gl.h(1157) : see declaration of 'WINGDIAPI'
     1>C:\Program Files (x86)\Windows Kits\8.1\Include\um\GL/gl.h(1159): error C2146: syntax error : missing ';' before identifier 'glAreTexturesResident' (Source\behavior_tree\lib\src\Draw.cpp)
     1>C:\Program Files (x86)\Windows Kits\8.1\Include\um\GL/gl.h(1159): error C2371: 'APIENTRY' : redefinition; different basic types (Source\behavior_tree\lib\src\Draw.cpp)
                 C:\Program Files (x86)\Windows Kits\8.1\Include\um\GL/gl.h(1157) : see declaration of 'APIENTRY'
     1>C:\Program Files (x86)\Windows Kits\8.1\Include\um\GL/gl.h(1160): error C2144: syntax error : 'void' should be preceded by ';' (Source\behavior_tree\lib\src\Draw.cpp)
     1>C:\Program Files (x86)\Windows Kits\8.1\Include\um\GL/gl.h(1160): error C4430: missing type specifier - int assumed. Note: C++ does not support default-int (Source\behavior_tree\lib\src\Draw.cpp)
     1>C:\Program Files (x86)\Windows Kits\8.1\Include\um\GL/gl.h(1160): error C2086: 'int WINGDIAPI' : redefinition (Source\behavior_tree\lib\src\Draw.cpp)
                 C:\Program Files (x86)\Windows Kits\8.1\Include\um\GL/gl.h(1157) : see declaration of 'WINGDIAPI'
     1>C:\Program Files (x86)\Windows Kits\8.1\Include\um\GL/gl.h(1160): error C2146: syntax error : missing ';' before identifier 'glArrayElement' (Source\behavior_tree\lib\src\Draw.cpp)
     1>C:\Program Files (x86)\Windows Kits\8.1\Include\um\GL/gl.h(1160): error C2182: 'APIENTRY' : illegal use of type 'void' (Source\behavior_tree\lib\src\Draw.cpp)
     1>C:\Program Files (x86)\Windows Kits\8.1\Include\um\GL/gl.h(1160): error C2086: 'int APIENTRY' : redefinition (Source\behavior_tree\lib\src\Draw.cpp)
                 C:\Program Files (x86)\Windows Kits\8.1\Include\um\GL/gl.h(1157) : see declaration of 'APIENTRY'
     1>C:\Program Files (x86)\Windows Kits\8.1\Include\um\GL/gl.h(1161): error C2144: syntax error : 'void' should be preceded by ';' (Source\behavior_tree\lib\src\Draw.cpp)
     1>C:\Program Files (x86)\Windows Kits\8.1\Include\um\GL/gl.h(1161): error C4430: missing type specifier - int assumed. Note: C++ does not support default-int (Source\behavior_tree\lib\src\Draw.cpp)
     1>C:\Program Files (x86)\Windows Kits\8.1\Include\um\GL/gl.h(1161): error C2086: 'int WINGDIAPI' : redefinition (Source\behavior_tree\lib\src\Draw.cpp)
                 C:\Program Files (x86)\Windows Kits\8.1\Include\um\GL/gl.h(1157) : see declaration of 'WINGDIAPI'
     1>C:\Program Files (x86)\Windows Kits\8.1\Include\um\GL/gl.h(1161): error C2146: syntax error : missing ';' before identifier 'glBegin' (Source\behavior_tree\lib\src\Draw.cpp)
     1>C:\Program Files (x86)\Windows Kits\8.1\Include\um\GL/gl.h(1161): error C2182: 'APIENTRY' : illegal use of type 'void' (Source\behavior_tree\lib\src\Draw.cpp)
     1>C:\Program Files (x86)\Windows Kits\8.1\Include\um\GL/gl.h(1161): error C2086: 'int APIENTRY' : redefinition (Source\behavior_tree\lib\src\Draw.cpp)
                 C:\Program Files (x86)\Windows Kits\8.1\Include\um\GL/gl.h(1157) : see declaration of 'APIENTRY'
     1>C:\Program Files (x86)\Windows Kits\8.1\Include\um\GL/gl.h(1162): error C2144: syntax error : 'void' should be preceded by ';' (Source\behavior_tree\lib\src\Draw.cpp)
     1>C:\Program Files (x86)\Windows Kits\8.1\Include\um\GL/gl.h(1162): error C4430: missing type specifier - int assumed. Note: C++ does not support default-int (Source\behavior_tree\lib\src\Draw.cpp)
     1>C:\Program Files (x86)\Windows Kits\8.1\Include\um\GL/gl.h(1162): error C2086: 'int WINGDIAPI' : redefinition (Source\behavior_tree\lib\src\Draw.cpp)
                 C:\Program Files (x86)\Windows Kits\8.1\Include\um\GL/gl.h(1157) : see declaration of 'WINGDIAPI'
     1>C:\Program Files (x86)\Windows Kits\8.1\Include\um\GL/gl.h(1162): error C2146: syntax error : missing ';' before identifier 'glBindTexture' (Source\behavior_tree\lib\src\Draw.cpp)
     1>C:\Program Files (x86)\Windows Kits\8.1\Include\um\GL/gl.h(1162): error C2182: 'APIENTRY' : illegal use of type 'void' (Source\behavior_tree\lib\src\Draw.cpp)
     1>C:\Program Files (x86)\Windows Kits\8.1\Include\um\GL/gl.h(1162): error C2086: 'int APIENTRY' : redefinition (Source\behavior_tree\lib\src\Draw.cpp)
                 C:\Program Files (x86)\Windows Kits\8.1\Include\um\GL/gl.h(1157) : see declaration of 'APIENTRY'
     1>C:\Program Files (x86)\Windows Kits\8.1\Include\um\GL/gl.h(1163): error C2144: syntax error : 'void' should be preceded by ';' (Source\behavior_tree\lib\src\Draw.cpp)
     1>C:\Program Files (x86)\Windows Kits\8.1\Include\um\GL/gl.h(1163): error C4430: missing type specifier - int assumed. Note: C++ does not support default-int (Source\behavior_tree\lib\src\Draw.cpp)
     1>C:\Program Files (x86)\Windows Kits\8.1\Include\um\GL/gl.h(1163): error C2086: 'int WINGDIAPI' : redefinition (Source\behavior_tree\lib\src\Draw.cpp)
                 C:\Program Files (x86)\Windows Kits\8.1\Include\um\GL/gl.h(1157) : see declaration of 'WINGDIAPI'
     1>C:\Program Files (x86)\Windows Kits\8.1\Include\um\GL/gl.h(1163): error C2146: syntax error : missing ';' before identifier 'glBitmap' (Source\behavior_tree\lib\src\Draw.cpp)
     1>C:\Program Files (x86)\Windows Kits\8.1\Include\um\GL/gl.h(1163): error C2182: 'APIENTRY' : illegal use of type 'void' (Source\behavior_tree\lib\src\Draw.cpp)
     1>C:\Program Files (x86)\Windows Kits\8.1\Include\um\GL/gl.h(1163): error C2086: 'int APIENTRY' : redefinition (Source\behavior_tree\lib\src\Draw.cpp)
                 C:\Program Files (x86)\Windows Kits\8.1\Include\um\GL/gl.h(1157) : see declaration of 'APIENTRY'
     1>C:\Program Files (x86)\Windows Kits\8.1\Include\um\GL/gl.h(1164): error C2144: syntax error : 'void' should be preceded by ';' (Source\behavior_tree\lib\src\Draw.cpp)
     1>C:\Program Files (x86)\Windows Kits\8.1\Include\um\GL/gl.h(1164): error C4430: missing type specifier - int assumed. Note: C++ does not support default-int (Source\behavior_tree\lib\src\Draw.cpp)
     1>C:\Program Files (x86)\Windows Kits\8.1\Include\um\GL/gl.h(1164): error C2086: 'int WINGDIAPI' : redefinition (Source\behavior_tree\lib\src\Draw.cpp)
                 C:\Program Files (x86)\Windows Kits\8.1\Include\um\GL/gl.h(1157) : see declaration of 'WINGDIAPI'
     1>C:\Program Files (x86)\Windows Kits\8.1\Include\um\GL/gl.h(1164): error C2146: syntax error : missing ';' before identifier 'glBlendFunc' (Source\behavior_tree\lib\src\Draw.cpp)
     1>C:\Program Files (x86)\Windows Kits\8.1\Include\um\GL/gl.h(1164): error C2182: 'APIENTRY' : illegal use of type 'void' (Source\behavior_tree\lib\src\Draw.cpp)
     1>C:\Program Files (x86)\Windows Kits\8.1\Include\um\GL/gl.h(1164): error C2086: 'int APIENTRY' : redefinition (Source\behavior_tree\lib\src\Draw.cpp)
                 C:\Program Files (x86)\Windows Kits\8.1\Include\um\GL/gl.h(1157) : see declaration of 'APIENTRY'
     1>C:\Program Files (x86)\Windows Kits\8.1\Include\um\GL/gl.h(1165): error C2144: syntax error : 'void' should be preceded by ';' (Source\behavior_tree\lib\src\Draw.cpp)
     1>C:\Program Files (x86)\Windows Kits\8.1\Include\um\GL/gl.h(1165): error C4430: missing type specifier - int assumed. Note: C++ does not support default-int (Source\behavior_tree\lib\src\Draw.cpp)
     1>C:\Program Files (x86)\Windows Kits\8.1\Include\um\GL/gl.h(1165): error C2086: 'int WINGDIAPI' : redefinition (Source\behavior_tree\lib\src\Draw.cpp)
                 C:\Program Files (x86)\Windows Kits\8.1\Include\um\GL/gl.h(1157) : see declaration of 'WINGDIAPI'
     1>C:\Program Files (x86)\Windows Kits\8.1\Include\um\GL/gl.h(1165): error C2146: syntax error : missing ';' before identifier 'glCallList' (Source\behavior_tree\lib\src\Draw.cpp)
     1>C:\Program Files (x86)\Windows Kits\8.1\Include\um\GL/gl.h(1165): error C2182: 'APIENTRY' : illegal use of type 'void' (Source\behavior_tree\lib\src\Draw.cpp)
     1>C:\Program Files (x86)\Windows Kits\8.1\Include\um\GL/gl.h(1165): error C2086: 'int APIENTRY' : redefinition (Source\behavior_tree\lib\src\Draw.cpp)
                 C:\Program Files (x86)\Windows Kits\8.1\Include\um\GL/gl.h(1157) : see declaration of 'APIENTRY'
     1>C:\Program Files (x86)\Windows Kits\8.1\Include\um\GL/gl.h(1166): error C2144: syntax error : 'void' should be preceded by ';' (Source\behavior_tree\lib\src\Draw.cpp)
     1>C:\Program Files (x86)\Windows Kits\8.1\Include\um\GL/gl.h(1166): error C4430: missing type specifier - int assumed. Note: C++ does not support default-int (Source\behavior_tree\lib\src\Draw.cpp)
     1>C:\Program Files (x86)\Windows Kits\8.1\Include\um\GL/gl.h(1166): error C2086: 'int WINGDIAPI' : redefinition (Source\behavior_tree\lib\src\Draw.cpp)
                 C:\Program Files (x86)\Windows Kits\8.1\Include\um\GL/gl.h(1157) : see declaration of 'WINGDIAPI'
     1>C:\Program Files (x86)\Windows Kits\8.1\Include\um\GL/gl.h(1166): error C2146: syntax error : missing ';' before identifier 'glCallLists' (Source\behavior_tree\lib\src\Draw.cpp)
     1>C:\Program Files (x86)\Windows Kits\8.1\Include\um\GL/gl.h(1166): error C2182: 'APIENTRY' : illegal use of type 'void' (Source\behavior_tree\lib\src\Draw.cpp)
     1>C:\Program Files (x86)\Windows Kits\8.1\Include\um\GL/gl.h(1166): error C2086: 'int APIENTRY' : redefinition (Source\behavior_tree\lib\src\Draw.cpp)
                 C:\Program Files (x86)\Windows Kits\8.1\Include\um\GL/gl.h(1157) : see declaration of 'APIENTRY'
     1>C:\Program Files (x86)\Windows Kits\8.1\Include\um\GL/gl.h(1167): error C2144: syntax error : 'void' should be preceded by ';' (Source\behavior_tree\lib\src\Draw.cpp)
     1>C:\Program Files (x86)\Windows Kits\8.1\Include\um\GL/gl.h(1167): error C4430: missing type specifier - int assumed. Note: C++ does not support default-int (Source\behavior_tree\lib\src\Draw.cpp)
     1>C:\Program Files (x86)\Windows Kits\8.1\Include\um\GL/gl.h(1167): error C2086: 'int WINGDIAPI' : redefinition (Source\behavior_tree\lib\src\Draw.cpp)
                 C:\Program Files (x86)\Windows Kits\8.1\Include\um\GL/gl.h(1157) : see declaration of 'WINGDIAPI'
     1>C:\Program Files (x86)\Windows Kits\8.1\Include\um\GL/gl.h(1167): error C2146: syntax error : missing ';' before identifier 'glClear' (Source\behavior_tree\lib\src\Draw.cpp)
     1>C:\Program Files (x86)\Windows Kits\8.1\Include\um\GL/gl.h(1167): error C2182: 'APIENTRY' : illegal use of type 'void' (Source\behavior_tree\lib\src\Draw.cpp)
     1>C:\Program Files (x86)\Windows Kits\8.1\Include\um\GL/gl.h(1167): error C2086: 'int APIENTRY' : redefinition (Source\behavior_tree\lib\src\Draw.cpp)
                 C:\Program Files (x86)\Windows Kits\8.1\Include\um\GL/gl.h(1157) : see declaration of 'APIENTRY'
     1>C:\Program Files (x86)\Windows Kits\8.1\Include\um\GL/gl.h(1168): error C2144: syntax error : 'void' should be preceded by ';' (Source\behavior_tree\lib\src\Draw.cpp)
     1>C:\Program Files (x86)\Windows Kits\8.1\Include\um\GL/gl.h(1168): error C4430: missing type specifier - int assumed. Note: C++ does not support default-int (Source\behavior_tree\lib\src\Draw.cpp)
     1>C:\Program Files (x86)\Windows Kits\8.1\Include\um\GL/gl.h(1168): error C2086: 'int WINGDIAPI' : redefinition (Source\behavior_tree\lib\src\Draw.cpp)
                 C:\Program Files (x86)\Windows Kits\8.1\Include\um\GL/gl.h(1157) : see declaration of 'WINGDIAPI'
     1>C:\Program Files (x86)\Windows Kits\8.1\Include\um\GL/gl.h(1168): error C2146: syntax error : missing ';' before identifier 'glClearAccum' (Source\behavior_tree\lib\src\Draw.cpp)
     1>C:\Program Files (x86)\Windows Kits\8.1\Include\um\GL/gl.h(1168): error C2182: 'APIENTRY' : illegal use of type 'void' (Source\behavior_tree\lib\src\Draw.cpp)
     1>C:\Program Files (x86)\Windows Kits\8.1\Include\um\GL/gl.h(1168): error C2086: 'int APIENTRY' : redefinition (Source\behavior_tree\lib\src\Draw.cpp)
                 C:\Program Files (x86)\Windows Kits\8.1\Include\um\GL/gl.h(1157) : see declaration of 'APIENTRY'
     1>C:\Program Files (x86)\Windows Kits\8.1\Include\um\GL/gl.h(1169): error C2144: syntax error : 'void' should be preceded by ';' (Source\behavior_tree\lib\src\Draw.cpp)
     1>C:\Program Files (x86)\Windows Kits\8.1\Include\um\GL/gl.h(1169): error C4430: missing type specifier - int assumed. Note: C++ does not support default-int (Source\behavior_tree\lib\src\Draw.cpp)
     1>C:\Program Files (x86)\Windows Kits\8.1\Include\um\GL/gl.h(1169): error C2086: 'int WINGDIAPI' : redefinition (Source\behavior_tree\lib\src\Draw.cpp)
                 C:\Program Files (x86)\Windows Kits\8.1\Include\um\GL/gl.h(1157) : see declaration of 'WINGDIAPI'
     1>C:\Program Files (x86)\Windows Kits\8.1\Include\um\GL/gl.h(1169): error C2146: syntax error : missing ';' before identifier 'glClearColor' (Source\behavior_tree\lib\src\Draw.cpp)
     1>C:\Program Files (x86)\Windows Kits\8.1\Include\um\GL/gl.h(1169): error C2182: 'APIENTRY' : illegal use of type 'void' (Source\behavior_tree\lib\src\Draw.cpp)
     1>C:\Program Files (x86)\Windows Kits\8.1\Include\um\GL/gl.h(1169): error C2086: 'int APIENTRY' : redefinition (Source\behavior_tree\lib\src\Draw.cpp)
                 C:\Program Files (x86)\Windows Kits\8.1\Include\um\GL/gl.h(1157) : see declaration of 'APIENTRY'
     1>C:\Program Files (x86)\Windows Kits\8.1\Include\um\GL/gl.h(1170): error C2144: syntax error : 'void' should be preceded by ';' (Source\behavior_tree\lib\src\Draw.cpp)
     1>C:\Program Files (x86)\Windows Kits\8.1\Include\um\GL/gl.h(1170): error C4430: missing type specifier - int assumed. Note: C++ does not support default-int (Source\behavior_tree\lib\src\Draw.cpp)
     1>C:\Program Files (x86)\Windows Kits\8.1\Include\um\GL/gl.h(1170): error C2086: 'int WINGDIAPI' : redefinition (Source\behavior_tree\lib\src\Draw.cpp)
                 C:\Program Files (x86)\Windows Kits\8.1\Include\um\GL/gl.h(1157) : see declaration of 'WINGDIAPI'
     1>C:\Program Files (x86)\Windows Kits\8.1\Include\um\GL/gl.h(1170): error C2146: syntax error : missing ';' before identifier 'glClearDepth' (Source\behavior_tree\lib\src\Draw.cpp)
     1>C:\Program Files (x86)\Windows Kits\8.1\Include\um\GL/gl.h(1170): error C2182: 'APIENTRY' : illegal use of type 'void' (Source\behavior_tree\lib\src\Draw.cpp)
     1>C:\Program Files (x86)\Windows Kits\8.1\Include\um\GL/gl.h(1170): error C2086: 'int APIENTRY' : redefinition (Source\behavior_tree\lib\src\Draw.cpp)
                 C:\Program Files (x86)\Windows Kits\8.1\Include\um\GL/gl.h(1157) : see declaration of 'APIENTRY'
     1>C:\Program Files (x86)\Windows Kits\8.1\Include\um\GL/gl.h(1171): error C2144: syntax error : 'void' should be preceded by ';' (Source\behavior_tree\lib\src\Draw.cpp)
     1>C:\Program Files (x86)\Windows Kits\8.1\Include\um\GL/gl.h(1171): error C4430: missing type specifier - int assumed. Note: C++ does not support default-int (Source\behavior_tree\lib\src\Draw.cpp)
     1>C:\Program Files (x86)\Windows Kits\8.1\Include\um\GL/gl.h(1171): error C2086: 'int WINGDIAPI' : redefinition (Source\behavior_tree\lib\src\Draw.cpp)
                 C:\Program Files (x86)\Windows Kits\8.1\Include\um\GL/gl.h(1157) : see declaration of 'WINGDIAPI'
     1>C:\Program Files (x86)\Windows Kits\8.1\Include\um\GL/gl.h(1171): error C2146: syntax error : missing ';' before identifier 'glClearIndex' (Source\behavior_tree\lib\src\Draw.cpp)
     1>C:\Program Files (x86)\Windows Kits\8.1\Include\um\GL/gl.h(1171): error C2182: 'APIENTRY' : illegal use of type 'void' (Source\behavior_tree\lib\src\Draw.cpp)
     1>C:\Program Files (x86)\Windows Kits\8.1\Include\um\GL/gl.h(1171): error C2086: 'int APIENTRY' : redefinition (Source\behavior_tree\lib\src\Draw.cpp)
                 C:\Program Files (x86)\Windows Kits\8.1\Include\um\GL/gl.h(1157) : see declaration of 'APIENTRY'
     1>C:\Program Files (x86)\Windows Kits\8.1\Include\um\GL/gl.h(1172): error C2144: syntax error : 'void' should be preceded by ';' (Source\behavior_tree\lib\src\Draw.cpp)
     1>C:\Program Files (x86)\Windows Kits\8.1\Include\um\GL/gl.h(1172): error C4430: missing type specifier - int assumed. Note: C++ does not support default-int (Source\behavior_tree\lib\src\Draw.cpp)
     1>C:\Program Files (x86)\Windows Kits\8.1\Include\um\GL/gl.h(1172): error C2086: 'int WINGDIAPI' : redefinition (Source\behavior_tree\lib\src\Draw.cpp)
                 C:\Program Files (x86)\Windows Kits\8.1\Include\um\GL/gl.h(1157) : see declaration of 'WINGDIAPI'
     1>C:\Program Files (x86)\Windows Kits\8.1\Include\um\GL/gl.h(1172): error C2146: syntax error : missing ';' before identifier 'glClearStencil' (Source\behavior_tree\lib\src\Draw.cpp)
     1>C:\Program Files (x86)\Windows Kits\8.1\Include\um\GL/gl.h(1172): error C2182: 'APIENTRY' : illegal use of type 'void' (Source\behavior_tree\lib\src\Draw.cpp)
     1>C:\Program Files (x86)\Windows Kits\8.1\Include\um\GL/gl.h(1172): error C2086: 'int APIENTRY' : redefinition (Source\behavior_tree\lib\src\Draw.cpp)
                 C:\Program Files (x86)\Windows Kits\8.1\Include\um\GL/gl.h(1157) : see declaration of 'APIENTRY'
     1>C:\Program Files (x86)\Windows Kits\8.1\Include\um\GL/gl.h(1173): error C2144: syntax error : 'void' should be preceded by ';' (Source\behavior_tree\lib\src\Draw.cpp)
     1>C:\Program Files (x86)\Windows Kits\8.1\Include\um\GL/gl.h(1173): error C4430: missing type specifier - int assumed. Note: C++ does not support default-int (Source\behavior_tree\lib\src\Draw.cpp)
     1>C:\Program Files (x86)\Windows Kits\8.1\Include\um\GL/gl.h(1173): error C2086: 'int WINGDIAPI' : redefinition (Source\behavior_tree\lib\src\Draw.cpp)
                 C:\Program Files (x86)\Windows Kits\8.1\Include\um\GL/gl.h(1157) : see declaration of 'WINGDIAPI'
     1>C:\Program Files (x86)\Windows Kits\8.1\Include\um\GL/gl.h(1173): error C2146: syntax error : missing ';' before identifier 'glClipPlane' (Source\behavior_tree\lib\src\Draw.cpp)
     1>C:\Program Files (x86)\Windows Kits\8.1\Include\um\GL/gl.h(1173): error C2182: 'APIENTRY' : illegal use of type 'void' (Source\behavior_tree\lib\src\Draw.cpp)
     1>C:\Program Files (x86)\Windows Kits\8.1\Include\um\GL/gl.h(1173): error C2086: 'int APIENTRY' : redefinition (Source\behavior_tree\lib\src\Draw.cpp)
                 C:\Program Files (x86)\Windows Kits\8.1\Include\um\GL/gl.h(1157) : see declaration of 'APIENTRY'
     1>C:\Program Files (x86)\Windows Kits\8.1\Include\um\GL/gl.h(1174): error C2144: syntax error : 'void' should be preceded by ';' (Source\behavior_tree\lib\src\Draw.cpp)
     1>C:\Program Files (x86)\Windows Kits\8.1\Include\um\GL/gl.h(1174): error C4430: missing type specifier - int assumed. Note: C++ does not support default-int (Source\behavior_tree\lib\src\Draw.cpp)
     1>C:\Program Files (x86)\Windows Kits\8.1\Include\um\GL/gl.h(1174): error C2086: 'int WINGDIAPI' : redefinition (Source\behavior_tree\lib\src\Draw.cpp)
                 C:\Program Files (x86)\Windows Kits\8.1\Include\um\GL/gl.h(1157) : see declaration of 'WINGDIAPI'
     1>C:\Program Files (x86)\Windows Kits\8.1\Include\um\GL/gl.h(1174): error C2146: syntax error : missing ';' before identifier 'glColor3b' (Source\behavior_tree\lib\src\Draw.cpp)
     1>C:\Program Files (x86)\Windows Kits\8.1\Include\um\GL/gl.h(1174): error C2182: 'APIENTRY' : illegal use of type 'void' (Source\behavior_tree\lib\src\Draw.cpp)
     1>C:\Program Files (x86)\Windows Kits\8.1\Include\um\GL/gl.h(1174): error C2086: 'int APIENTRY' : redefinition (Source\behavior_tree\lib\src\Draw.cpp)
                 C:\Program Files (x86)\Windows Kits\8.1\Include\um\GL/gl.h(1157) : see declaration of 'APIENTRY'
     1>C:\Program Files (x86)\Windows Kits\8.1\Include\um\GL/gl.h(1175): error C2144: syntax error : 'void' should be preceded by ';' (Source\behavior_tree\lib\src\Draw.cpp)
     1>C:\Program Files (x86)\Windows Kits\8.1\Include\um\GL/gl.h(1175): error C4430: missing type specifier - int assumed. Note: C++ does not support default-int (Source\behavior_tree\lib\src\Draw.cpp)
     1>C:\Program Files (x86)\Windows Kits\8.1\Include\um\GL/gl.h(1175): error C2086: 'int WINGDIAPI' : redefinition (Source\behavior_tree\lib\src\Draw.cpp)
                 C:\Program Files (x86)\Windows Kits\8.1\Include\um\GL/gl.h(1157) : see declaration of 'WINGDIAPI'
     1>C:\Program Files (x86)\Windows Kits\8.1\Include\um\GL/gl.h(1175): error C2146: syntax error : missing ';' before identifier 'glColor3bv' (Source\behavior_tree\lib\src\Draw.cpp)
     1>C:\Program Files (x86)\Windows Kits\8.1\Include\um\GL/gl.h(1175): error C2182: 'APIENTRY' : illegal use of type 'void' (Source\behavior_tree\lib\src\Draw.cpp)
     1>C:\Program Files (x86)\Windows Kits\8.1\Include\um\GL/gl.h(1175): error C2086: 'int APIENTRY' : redefinition (Source\behavior_tree\lib\src\Draw.cpp)
                 C:\Program Files (x86)\Windows Kits\8.1\Include\um\GL/gl.h(1157) : see declaration of 'APIENTRY'
     1>C:\Program Files (x86)\Windows Kits\8.1\Include\um\GL/gl.h(1176): error C2144: syntax error : 'void' should be preceded by ';' (Source\behavior_tree\lib\src\Draw.cpp)
     1>C:\Program Files (x86)\Windows Kits\8.1\Include\um\GL/gl.h(1176): error C4430: missing type specifier - int assumed. Note: C++ does not support default-int (Source\behavior_tree\lib\src\Draw.cpp)
     1>C:\Program Files (x86)\Windows Kits\8.1\Include\um\GL/gl.h(1176): error C2086: 'int WINGDIAPI' : redefinition (Source\behavior_tree\lib\src\Draw.cpp)
                 C:\Program Files (x86)\Windows Kits\8.1\Include\um\GL/gl.h(1157) : see declaration of 'WINGDIAPI'
     1>C:\Program Files (x86)\Windows Kits\8.1\Include\um\GL/gl.h(1176): error C2146: syntax error : missing ';' before identifier 'glColor3d' (Source\behavior_tree\lib\src\Draw.cpp)
     1>C:\Program Files (x86)\Windows Kits\8.1\Include\um\GL/gl.h(1176): error C2182: 'APIENTRY' : illegal use of type 'void' (Source\behavior_tree\lib\src\Draw.cpp)
     1>C:\Program Files (x86)\Windows Kits\8.1\Include\um\GL/gl.h(1176): error C2086: 'int APIENTRY' : redefinition (Source\behavior_tree\lib\src\Draw.cpp)
                 C:\Program Files (x86)\Windows Kits\8.1\Include\um\GL/gl.h(1157) : see declaration of 'APIENTRY'
     1>C:\Program Files (x86)\Windows Kits\8.1\Include\um\GL/gl.h(1177): error C2144: syntax error : 'void' should be preceded by ';' (Source\behavior_tree\lib\src\Draw.cpp)
     1>C:\Program Files (x86)\Windows Kits\8.1\Include\um\GL/gl.h(1177): error C4430: missing type specifier - int assumed. Note: C++ does not support default-int (Source\behavior_tree\lib\src\Draw.cpp)
     1>C:\Program Files (x86)\Windows Kits\8.1\Include\um\GL/gl.h(1177): error C2086: 'int WINGDIAPI' : redefinition (Source\behavior_tree\lib\src\Draw.cpp)
                 C:\Program Files (x86)\Windows Kits\8.1\Include\um\GL/gl.h(1157) : see declaration of 'WINGDIAPI'
     1>C:\Program Files (x86)\Windows Kits\8.1\Include\um\GL/gl.h(1177): error C2146: syntax error : missing ';' before identifier 'glColor3dv' (Source\behavior_tree\lib\src\Draw.cpp)
     1>C:\Program Files (x86)\Windows Kits\8.1\Include\um\GL/gl.h(1177): error C2182: 'APIENTRY' : illegal use of type 'void' (Source\behavior_tree\lib\src\Draw.cpp)
     1>C:\Program Files (x86)\Windows Kits\8.1\Include\um\GL/gl.h(1177): fatal error C1003: error count exceeds 100; stopping compilation (Source\behavior_tree\lib\src\Draw.cpp)
         ParallelNode.cpp
     1>Source\behavior_tree\lib\src\DecoratorNegationNode.cpp(6): error C2512: 'BT::ControlNode' : no appropriate default constructor available
     1>Source\behavior_tree\lib\src\DecoratorNegationNode.cpp(6): error C2436: '{ctor}' : member function or nested class in constructor initializer list
         SelectorNode.cpp
     1>Source\behavior_tree\lib\src\DecoratorRetryNode.cpp(6): error C2512: 'BT::ControlNode' : no appropriate default constructor available
     1>Source\behavior_tree\lib\src\DecoratorRetryNode.cpp(6): error C2436: '{ctor}' : member function or nested class in constructor initializer list
         SelectorStarNode.cpp
     1>Source\behavior_tree\lib\src\ParallelNode.cpp(6): error C2512: 'BT::ControlNode' : no appropriate default constructor available
     1>Source\behavior_tree\lib\src\ParallelNode.cpp(6): error C2436: '{ctor}' : member function or nested class in constructor initializer list
         SequenceNode.cpp
     1>Source\behavior_tree\lib\src\SelectorNode.cpp(6): error C2512: 'BT::ControlNode' : no appropriate default constructor available
     1>Source\behavior_tree\lib\src\SelectorNode.cpp(6): error C2436: '{ctor}' : member function or nested class in constructor initializer list
         SequenceStarNode.cpp
     1>Source\behavior_tree\lib\src\SequenceNode.cpp(7): error C2512: 'BT::ControlNode' : no appropriate default constructor available
     1>Source\behavior_tree\lib\src\SequenceNode.cpp(7): error C2436: '{ctor}' : member function or nested class in constructor initializer list
     1>Source\behavior_tree\lib\src\SelectorStarNode.cpp(6): error C2512: 'BT::ControlNode' : no appropriate default constructor available
     1>Source\behavior_tree\lib\src\SelectorStarNode.cpp(6): error C2436: '{ctor}' : member function or nested class in constructor initializer list
         TreeNode.cpp
         main.cpp
     1>Source\behavior_tree\lib\src\SequenceStarNode.cpp(6): error C2512: 'BT::ControlNode' : no appropriate default constructor available
     1>Source\behavior_tree\lib\src\SequenceStarNode.cpp(6): error C2436: '{ctor}' : member function or nested class in constructor initializer list
     1>C:\Program Files (x86)\Windows Kits\8.1\Include\um\GL/gl.h(1157): error C2144: syntax error : 'void' should be preceded by ';' (Source\behavior_tree\src\main.cpp)
     1>C:\Program Files (x86)\Windows Kits\8.1\Include\um\GL/gl.h(1157): error C4430: missing type specifier - int assumed. Note: C++ does not support default-int (Source\behavior_tree\src\main.cpp)
     1>C:\Program Files (x86)\Windows Kits\8.1\Include\um\GL/gl.h(1157): error C2146: syntax error : missing ';' before identifier 'glAccum' (Source\behavior_tree\src\main.cpp)
     1>C:\Program Files (x86)\Windows Kits\8.1\Include\um\GL/gl.h(1157): error C2182: 'APIENTRY' : illegal use of type 'void' (Source\behavior_tree\src\main.cpp)
     1>C:\Program Files (x86)\Windows Kits\8.1\Include\um\GL/gl.h(1158): error C2144: syntax error : 'void' should be preceded by ';' (Source\behavior_tree\src\main.cpp)
     1>C:\Program Files (x86)\Windows Kits\8.1\Include\um\GL/gl.h(1158): error C4430: missing type specifier - int assumed. Note: C++ does not support default-int (Source\behavior_tree\src\main.cpp)
     1>C:\Program Files (x86)\Windows Kits\8.1\Include\um\GL/gl.h(1158): error C2086: 'int WINGDIAPI' : redefinition (Source\behavior_tree\src\main.cpp)
                 C:\Program Files (x86)\Windows Kits\8.1\Include\um\GL/gl.h(1157) : see declaration of 'WINGDIAPI'
     1>C:\Program Files (x86)\Windows Kits\8.1\Include\um\GL/gl.h(1158): error C2146: syntax error : missing ';' before identifier 'glAlphaFunc' (Source\behavior_tree\src\main.cpp)
     1>C:\Program Files (x86)\Windows Kits\8.1\Include\um\GL/gl.h(1158): error C2182: 'APIENTRY' : illegal use of type 'void' (Source\behavior_tree\src\main.cpp)
     1>C:\Program Files (x86)\Windows Kits\8.1\Include\um\GL/gl.h(1158): error C2086: 'int APIENTRY' : redefinition (Source\behavior_tree\src\main.cpp)
                 C:\Program Files (x86)\Windows Kits\8.1\Include\um\GL/gl.h(1157) : see declaration of 'APIENTRY'
     1>C:\Program Files (x86)\Windows Kits\8.1\Include\um\GL/gl.h(1159): error C2146: syntax error : missing ';' before identifier 'GLboolean' (Source\behavior_tree\src\main.cpp)
     1>C:\Program Files (x86)\Windows Kits\8.1\Include\um\GL/gl.h(1159): error C4430: missing type specifier - int assumed. Note: C++ does not support default-int (Source\behavior_tree\src\main.cpp)
     1>C:\Program Files (x86)\Windows Kits\8.1\Include\um\GL/gl.h(1159): error C2086: 'int WINGDIAPI' : redefinition (Source\behavior_tree\src\main.cpp)
                 C:\Program Files (x86)\Windows Kits\8.1\Include\um\GL/gl.h(1157) : see declaration of 'WINGDIAPI'
     1>C:\Program Files (x86)\Windows Kits\8.1\Include\um\GL/gl.h(1159): error C2146: syntax error : missing ';' before identifier 'glAreTexturesResident' (Source\behavior_tree\src\main.cpp)
     1>C:\Program Files (x86)\Windows Kits\8.1\Include\um\GL/gl.h(1159): error C2371: 'APIENTRY' : redefinition; different basic types (Source\behavior_tree\src\main.cpp)
                 C:\Program Files (x86)\Windows Kits\8.1\Include\um\GL/gl.h(1157) : see declaration of 'APIENTRY'
     1>C:\Program Files (x86)\Windows Kits\8.1\Include\um\GL/gl.h(1160): error C2144: syntax error : 'void' should be preceded by ';' (Source\behavior_tree\src\main.cpp)
     1>C:\Program Files (x86)\Windows Kits\8.1\Include\um\GL/gl.h(1160): error C4430: missing type specifier - int assumed. Note: C++ does not support default-int (Source\behavior_tree\src\main.cpp)
     1>C:\Program Files (x86)\Windows Kits\8.1\Include\um\GL/gl.h(1160): error C2086: 'int WINGDIAPI' : redefinition (Source\behavior_tree\src\main.cpp)
                 C:\Program Files (x86)\Windows Kits\8.1\Include\um\GL/gl.h(1157) : see declaration of 'WINGDIAPI'
     1>C:\Program Files (x86)\Windows Kits\8.1\Include\um\GL/gl.h(1160): error C2146: syntax error : missing ';' before identifier 'glArrayElement' (Source\behavior_tree\src\main.cpp)
     1>C:\Program Files (x86)\Windows Kits\8.1\Include\um\GL/gl.h(1160): error C2182: 'APIENTRY' : illegal use of type 'void' (Source\behavior_tree\src\main.cpp)
     1>C:\Program Files (x86)\Windows Kits\8.1\Include\um\GL/gl.h(1160): error C2086: 'int APIENTRY' : redefinition (Source\behavior_tree\src\main.cpp)
                 C:\Program Files (x86)\Windows Kits\8.1\Include\um\GL/gl.h(1157) : see declaration of 'APIENTRY'
     1>C:\Program Files (x86)\Windows Kits\8.1\Include\um\GL/gl.h(1161): error C2144: syntax error : 'void' should be preceded by ';' (Source\behavior_tree\src\main.cpp)
     1>C:\Program Files (x86)\Windows Kits\8.1\Include\um\GL/gl.h(1161): error C4430: missing type specifier - int assumed. Note: C++ does not support default-int (Source\behavior_tree\src\main.cpp)
     1>C:\Program Files (x86)\Windows Kits\8.1\Include\um\GL/gl.h(1161): error C2086: 'int WINGDIAPI' : redefinition (Source\behavior_tree\src\main.cpp)
                 C:\Program Files (x86)\Windows Kits\8.1\Include\um\GL/gl.h(1157) : see declaration of 'WINGDIAPI'
     1>C:\Program Files (x86)\Windows Kits\8.1\Include\um\GL/gl.h(1161): error C2146: syntax error : missing ';' before identifier 'glBegin' (Source\behavior_tree\src\main.cpp)
     1>C:\Program Files (x86)\Windows Kits\8.1\Include\um\GL/gl.h(1161): error C2182: 'APIENTRY' : illegal use of type 'void' (Source\behavior_tree\src\main.cpp)
     1>C:\Program Files (x86)\Windows Kits\8.1\Include\um\GL/gl.h(1161): error C2086: 'int APIENTRY' : redefinition (Source\behavior_tree\src\main.cpp)
                 C:\Program Files (x86)\Windows Kits\8.1\Include\um\GL/gl.h(1157) : see declaration of 'APIENTRY'
     1>C:\Program Files (x86)\Windows Kits\8.1\Include\um\GL/gl.h(1162): error C2144: syntax error : 'void' should be preceded by ';' (Source\behavior_tree\src\main.cpp)
     1>C:\Program Files (x86)\Windows Kits\8.1\Include\um\GL/gl.h(1162): error C4430: missing type specifier - int assumed. Note: C++ does not support default-int (Source\behavior_tree\src\main.cpp)
     1>C:\Program Files (x86)\Windows Kits\8.1\Include\um\GL/gl.h(1162): error C2086: 'int WINGDIAPI' : redefinition (Source\behavior_tree\src\main.cpp)
                 C:\Program Files (x86)\Windows Kits\8.1\Include\um\GL/gl.h(1157) : see declaration of 'WINGDIAPI'
     1>C:\Program Files (x86)\Windows Kits\8.1\Include\um\GL/gl.h(1162): error C2146: syntax error : missing ';' before identifier 'glBindTexture' (Source\behavior_tree\src\main.cpp)
     1>C:\Program Files (x86)\Windows Kits\8.1\Include\um\GL/gl.h(1162): error C2182: 'APIENTRY' : illegal use of type 'void' (Source\behavior_tree\src\main.cpp)
     1>C:\Program Files (x86)\Windows Kits\8.1\Include\um\GL/gl.h(1162): error C2086: 'int APIENTRY' : redefinition (Source\behavior_tree\src\main.cpp)
                 C:\Program Files (x86)\Windows Kits\8.1\Include\um\GL/gl.h(1157) : see declaration of 'APIENTRY'
     1>C:\Program Files (x86)\Windows Kits\8.1\Include\um\GL/gl.h(1163): error C2144: syntax error : 'void' should be preceded by ';' (Source\behavior_tree\src\main.cpp)
     1>C:\Program Files (x86)\Windows Kits\8.1\Include\um\GL/gl.h(1163): error C4430: missing type specifier - int assumed. Note: C++ does not support default-int (Source\behavior_tree\src\main.cpp)
     1>C:\Program Files (x86)\Windows Kits\8.1\Include\um\GL/gl.h(1163): error C2086: 'int WINGDIAPI' : redefinition (Source\behavior_tree\src\main.cpp)
                 C:\Program Files (x86)\Windows Kits\8.1\Include\um\GL/gl.h(1157) : see declaration of 'WINGDIAPI'
     1>C:\Program Files (x86)\Windows Kits\8.1\Include\um\GL/gl.h(1163): error C2146: syntax error : missing ';' before identifier 'glBitmap' (Source\behavior_tree\src\main.cpp)
     1>C:\Program Files (x86)\Windows Kits\8.1\Include\um\GL/gl.h(1163): error C2182: 'APIENTRY' : illegal use of type 'void' (Source\behavior_tree\src\main.cpp)
     1>C:\Program Files (x86)\Windows Kits\8.1\Include\um\GL/gl.h(1163): error C2086: 'int APIENTRY' : redefinition (Source\behavior_tree\src\main.cpp)
                 C:\Program Files (x86)\Windows Kits\8.1\Include\um\GL/gl.h(1157) : see declaration of 'APIENTRY'
     1>C:\Program Files (x86)\Windows Kits\8.1\Include\um\GL/gl.h(1164): error C2144: syntax error : 'void' should be preceded by ';' (Source\behavior_tree\src\main.cpp)
     1>C:\Program Files (x86)\Windows Kits\8.1\Include\um\GL/gl.h(1164): error C4430: missing type specifier - int assumed. Note: C++ does not support default-int (Source\behavior_tree\src\main.cpp)
     1>C:\Program Files (x86)\Windows Kits\8.1\Include\um\GL/gl.h(1164): error C2086: 'int WINGDIAPI' : redefinition (Source\behavior_tree\src\main.cpp)
                 C:\Program Files (x86)\Windows Kits\8.1\Include\um\GL/gl.h(1157) : see declaration of 'WINGDIAPI'
     1>C:\Program Files (x86)\Windows Kits\8.1\Include\um\GL/gl.h(1164): error C2146: syntax error : missing ';' before identifier 'glBlendFunc' (Source\behavior_tree\src\main.cpp)
     1>C:\Program Files (x86)\Windows Kits\8.1\Include\um\GL/gl.h(1164): error C2182: 'APIENTRY' : illegal use of type 'void' (Source\behavior_tree\src\main.cpp)
     1>C:\Program Files (x86)\Windows Kits\8.1\Include\um\GL/gl.h(1164): error C2086: 'int APIENTRY' : redefinition (Source\behavior_tree\src\main.cpp)
                 C:\Program Files (x86)\Windows Kits\8.1\Include\um\GL/gl.h(1157) : see declaration of 'APIENTRY'
     1>C:\Program Files (x86)\Windows Kits\8.1\Include\um\GL/gl.h(1165): error C2144: syntax error : 'void' should be preceded by ';' (Source\behavior_tree\src\main.cpp)
     1>C:\Program Files (x86)\Windows Kits\8.1\Include\um\GL/gl.h(1165): error C4430: missing type specifier - int assumed. Note: C++ does not support default-int (Source\behavior_tree\src\main.cpp)
     1>C:\Program Files (x86)\Windows Kits\8.1\Include\um\GL/gl.h(1165): error C2086: 'int WINGDIAPI' : redefinition (Source\behavior_tree\src\main.cpp)
                 C:\Program Files (x86)\Windows Kits\8.1\Include\um\GL/gl.h(1157) : see declaration of 'WINGDIAPI'
     1>C:\Program Files (x86)\Windows Kits\8.1\Include\um\GL/gl.h(1165): error C2146: syntax error : missing ';' before identifier 'glCallList' (Source\behavior_tree\src\main.cpp)
     1>C:\Program Files (x86)\Windows Kits\8.1\Include\um\GL/gl.h(1165): error C2182: 'APIENTRY' : illegal use of type 'void' (Source\behavior_tree\src\main.cpp)
     1>C:\Program Files (x86)\Windows Kits\8.1\Include\um\GL/gl.h(1165): error C2086: 'int APIENTRY' : redefinition (Source\behavior_tree\src\main.cpp)
                 C:\Program Files (x86)\Windows Kits\8.1\Include\um\GL/gl.h(1157) : see declaration of 'APIENTRY'
     1>C:\Program Files (x86)\Windows Kits\8.1\Include\um\GL/gl.h(1166): error C2144: syntax error : 'void' should be preceded by ';' (Source\behavior_tree\src\main.cpp)
     1>C:\Program Files (x86)\Windows Kits\8.1\Include\um\GL/gl.h(1166): error C4430: missing type specifier - int assumed. Note: C++ does not support default-int (Source\behavior_tree\src\main.cpp)
     1>C:\Program Files (x86)\Windows Kits\8.1\Include\um\GL/gl.h(1166): error C2086: 'int WINGDIAPI' : redefinition (Source\behavior_tree\src\main.cpp)
                 C:\Program Files (x86)\Windows Kits\8.1\Include\um\GL/gl.h(1157) : see declaration of 'WINGDIAPI'
     1>C:\Program Files (x86)\Windows Kits\8.1\Include\um\GL/gl.h(1166): error C2146: syntax error : missing ';' before identifier 'glCallLists' (Source\behavior_tree\src\main.cpp)
     1>C:\Program Files (x86)\Windows Kits\8.1\Include\um\GL/gl.h(1166): error C2182: 'APIENTRY' : illegal use of type 'void' (Source\behavior_tree\src\main.cpp)
     1>C:\Program Files (x86)\Windows Kits\8.1\Include\um\GL/gl.h(1166): error C2086: 'int APIENTRY' : redefinition (Source\behavior_tree\src\main.cpp)
                 C:\Program Files (x86)\Windows Kits\8.1\Include\um\GL/gl.h(1157) : see declaration of 'APIENTRY'
     1>C:\Program Files (x86)\Windows Kits\8.1\Include\um\GL/gl.h(1167): error C2144: syntax error : 'void' should be preceded by ';' (Source\behavior_tree\src\main.cpp)
     1>C:\Program Files (x86)\Windows Kits\8.1\Include\um\GL/gl.h(1167): error C4430: missing type specifier - int assumed. Note: C++ does not support default-int (Source\behavior_tree\src\main.cpp)
     1>C:\Program Files (x86)\Windows Kits\8.1\Include\um\GL/gl.h(1167): error C2086: 'int WINGDIAPI' : redefinition (Source\behavior_tree\src\main.cpp)
                 C:\Program Files (x86)\Windows Kits\8.1\Include\um\GL/gl.h(1157) : see declaration of 'WINGDIAPI'
     1>C:\Program Files (x86)\Windows Kits\8.1\Include\um\GL/gl.h(1167): error C2146: syntax error : missing ';' before identifier 'glClear' (Source\behavior_tree\src\main.cpp)
     1>C:\Program Files (x86)\Windows Kits\8.1\Include\um\GL/gl.h(1167): error C2182: 'APIENTRY' : illegal use of type 'void' (Source\behavior_tree\src\main.cpp)
     1>C:\Program Files (x86)\Windows Kits\8.1\Include\um\GL/gl.h(1167): error C2086: 'int APIENTRY' : redefinition (Source\behavior_tree\src\main.cpp)
                 C:\Program Files (x86)\Windows Kits\8.1\Include\um\GL/gl.h(1157) : see declaration of 'APIENTRY'
     1>C:\Program Files (x86)\Windows Kits\8.1\Include\um\GL/gl.h(1168): error C2144: syntax error : 'void' should be preceded by ';' (Source\behavior_tree\src\main.cpp)
     1>C:\Program Files (x86)\Windows Kits\8.1\Include\um\GL/gl.h(1168): error C4430: missing type specifier - int assumed. Note: C++ does not support default-int (Source\behavior_tree\src\main.cpp)
     1>C:\Program Files (x86)\Windows Kits\8.1\Include\um\GL/gl.h(1168): error C2086: 'int WINGDIAPI' : redefinition (Source\behavior_tree\src\main.cpp)
                 C:\Program Files (x86)\Windows Kits\8.1\Include\um\GL/gl.h(1157) : see declaration of 'WINGDIAPI'
     1>C:\Program Files (x86)\Windows Kits\8.1\Include\um\GL/gl.h(1168): error C2146: syntax error : missing ';' before identifier 'glClearAccum' (Source\behavior_tree\src\main.cpp)
     1>C:\Program Files (x86)\Windows Kits\8.1\Include\um\GL/gl.h(1168): error C2182: 'APIENTRY' : illegal use of type 'void' (Source\behavior_tree\src\main.cpp)
     1>C:\Program Files (x86)\Windows Kits\8.1\Include\um\GL/gl.h(1168): error C2086: 'int APIENTRY' : redefinition (Source\behavior_tree\src\main.cpp)
                 C:\Program Files (x86)\Windows Kits\8.1\Include\um\GL/gl.h(1157) : see declaration of 'APIENTRY'
     1>C:\Program Files (x86)\Windows Kits\8.1\Include\um\GL/gl.h(1169): error C2144: syntax error : 'void' should be preceded by ';' (Source\behavior_tree\src\main.cpp)
     1>C:\Program Files (x86)\Windows Kits\8.1\Include\um\GL/gl.h(1169): error C4430: missing type specifier - int assumed. Note: C++ does not support default-int (Source\behavior_tree\src\main.cpp)
     1>C:\Program Files (x86)\Windows Kits\8.1\Include\um\GL/gl.h(1169): error C2086: 'int WINGDIAPI' : redefinition (Source\behavior_tree\src\main.cpp)
                 C:\Program Files (x86)\Windows Kits\8.1\Include\um\GL/gl.h(1157) : see declaration of 'WINGDIAPI'
     1>C:\Program Files (x86)\Windows Kits\8.1\Include\um\GL/gl.h(1169): error C2146: syntax error : missing ';' before identifier 'glClearColor' (Source\behavior_tree\src\main.cpp)
     1>C:\Program Files (x86)\Windows Kits\8.1\Include\um\GL/gl.h(1169): error C2182: 'APIENTRY' : illegal use of type 'void' (Source\behavior_tree\src\main.cpp)
     1>C:\Program Files (x86)\Windows Kits\8.1\Include\um\GL/gl.h(1169): error C2086: 'int APIENTRY' : redefinition (Source\behavior_tree\src\main.cpp)
                 C:\Program Files (x86)\Windows Kits\8.1\Include\um\GL/gl.h(1157) : see declaration of 'APIENTRY'
     1>C:\Program Files (x86)\Windows Kits\8.1\Include\um\GL/gl.h(1170): error C2144: syntax error : 'void' should be preceded by ';' (Source\behavior_tree\src\main.cpp)
     1>C:\Program Files (x86)\Windows Kits\8.1\Include\um\GL/gl.h(1170): error C4430: missing type specifier - int assumed. Note: C++ does not support default-int (Source\behavior_tree\src\main.cpp)
     1>C:\Program Files (x86)\Windows Kits\8.1\Include\um\GL/gl.h(1170): error C2086: 'int WINGDIAPI' : redefinition (Source\behavior_tree\src\main.cpp)
                 C:\Program Files (x86)\Windows Kits\8.1\Include\um\GL/gl.h(1157) : see declaration of 'WINGDIAPI'
     1>C:\Program Files (x86)\Windows Kits\8.1\Include\um\GL/gl.h(1170): error C2146: syntax error : missing ';' before identifier 'glClearDepth' (Source\behavior_tree\src\main.cpp)
     1>C:\Program Files (x86)\Windows Kits\8.1\Include\um\GL/gl.h(1170): error C2182: 'APIENTRY' : illegal use of type 'void' (Source\behavior_tree\src\main.cpp)
     1>C:\Program Files (x86)\Windows Kits\8.1\Include\um\GL/gl.h(1170): error C2086: 'int APIENTRY' : redefinition (Source\behavior_tree\src\main.cpp)
                 C:\Program Files (x86)\Windows Kits\8.1\Include\um\GL/gl.h(1157) : see declaration of 'APIENTRY'
     1>C:\Program Files (x86)\Windows Kits\8.1\Include\um\GL/gl.h(1171): error C2144: syntax error : 'void' should be preceded by ';' (Source\behavior_tree\src\main.cpp)
     1>C:\Program Files (x86)\Windows Kits\8.1\Include\um\GL/gl.h(1171): error C4430: missing type specifier - int assumed. Note: C++ does not support default-int (Source\behavior_tree\src\main.cpp)
     1>C:\Program Files (x86)\Windows Kits\8.1\Include\um\GL/gl.h(1171): error C2086: 'int WINGDIAPI' : redefinition (Source\behavior_tree\src\main.cpp)
                 C:\Program Files (x86)\Windows Kits\8.1\Include\um\GL/gl.h(1157) : see declaration of 'WINGDIAPI'
     1>C:\Program Files (x86)\Windows Kits\8.1\Include\um\GL/gl.h(1171): error C2146: syntax error : missing ';' before identifier 'glClearIndex' (Source\behavior_tree\src\main.cpp)
     1>C:\Program Files (x86)\Windows Kits\8.1\Include\um\GL/gl.h(1171): error C2182: 'APIENTRY' : illegal use of type 'void' (Source\behavior_tree\src\main.cpp)
     1>C:\Program Files (x86)\Windows Kits\8.1\Include\um\GL/gl.h(1171): error C2086: 'int APIENTRY' : redefinition (Source\behavior_tree\src\main.cpp)
                 C:\Program Files (x86)\Windows Kits\8.1\Include\um\GL/gl.h(1157) : see declaration of 'APIENTRY'
     1>C:\Program Files (x86)\Windows Kits\8.1\Include\um\GL/gl.h(1172): error C2144: syntax error : 'void' should be preceded by ';' (Source\behavior_tree\src\main.cpp)
     1>C:\Program Files (x86)\Windows Kits\8.1\Include\um\GL/gl.h(1172): error C4430: missing type specifier - int assumed. Note: C++ does not support default-int (Source\behavior_tree\src\main.cpp)
     1>C:\Program Files (x86)\Windows Kits\8.1\Include\um\GL/gl.h(1172): error C2086: 'int WINGDIAPI' : redefinition (Source\behavior_tree\src\main.cpp)
                 C:\Program Files (x86)\Windows Kits\8.1\Include\um\GL/gl.h(1157) : see declaration of 'WINGDIAPI'
     1>C:\Program Files (x86)\Windows Kits\8.1\Include\um\GL/gl.h(1172): error C2146: syntax error : missing ';' before identifier 'glClearStencil' (Source\behavior_tree\src\main.cpp)
     1>C:\Program Files (x86)\Windows Kits\8.1\Include\um\GL/gl.h(1172): error C2182: 'APIENTRY' : illegal use of type 'void' (Source\behavior_tree\src\main.cpp)
     1>C:\Program Files (x86)\Windows Kits\8.1\Include\um\GL/gl.h(1172): error C2086: 'int APIENTRY' : redefinition (Source\behavior_tree\src\main.cpp)
                 C:\Program Files (x86)\Windows Kits\8.1\Include\um\GL/gl.h(1157) : see declaration of 'APIENTRY'
     1>C:\Program Files (x86)\Windows Kits\8.1\Include\um\GL/gl.h(1173): error C2144: syntax error : 'void' should be preceded by ';' (Source\behavior_tree\src\main.cpp)
     1>C:\Program Files (x86)\Windows Kits\8.1\Include\um\GL/gl.h(1173): error C4430: missing type specifier - int assumed. Note: C++ does not support default-int (Source\behavior_tree\src\main.cpp)
     1>C:\Program Files (x86)\Windows Kits\8.1\Include\um\GL/gl.h(1173): error C2086: 'int WINGDIAPI' : redefinition (Source\behavior_tree\src\main.cpp)
                 C:\Program Files (x86)\Windows Kits\8.1\Include\um\GL/gl.h(1157) : see declaration of 'WINGDIAPI'
     1>C:\Program Files (x86)\Windows Kits\8.1\Include\um\GL/gl.h(1173): error C2146: syntax error : missing ';' before identifier 'glClipPlane' (Source\behavior_tree\src\main.cpp)
     1>C:\Program Files (x86)\Windows Kits\8.1\Include\um\GL/gl.h(1173): error C2182: 'APIENTRY' : illegal use of type 'void' (Source\behavior_tree\src\main.cpp)
     1>C:\Program Files (x86)\Windows Kits\8.1\Include\um\GL/gl.h(1173): error C2086: 'int APIENTRY' : redefinition (Source\behavior_tree\src\main.cpp)
                 C:\Program Files (x86)\Windows Kits\8.1\Include\um\GL/gl.h(1157) : see declaration of 'APIENTRY'
     1>C:\Program Files (x86)\Windows Kits\8.1\Include\um\GL/gl.h(1174): error C2144: syntax error : 'void' should be preceded by ';' (Source\behavior_tree\src\main.cpp)
     1>C:\Program Files (x86)\Windows Kits\8.1\Include\um\GL/gl.h(1174): error C4430: missing type specifier - int assumed. Note: C++ does not support default-int (Source\behavior_tree\src\main.cpp)
     1>C:\Program Files (x86)\Windows Kits\8.1\Include\um\GL/gl.h(1174): error C2086: 'int WINGDIAPI' : redefinition (Source\behavior_tree\src\main.cpp)
                 C:\Program Files (x86)\Windows Kits\8.1\Include\um\GL/gl.h(1157) : see declaration of 'WINGDIAPI'
     1>C:\Program Files (x86)\Windows Kits\8.1\Include\um\GL/gl.h(1174): error C2146: syntax error : missing ';' before identifier 'glColor3b' (Source\behavior_tree\src\main.cpp)
     1>C:\Program Files (x86)\Windows Kits\8.1\Include\um\GL/gl.h(1174): error C2182: 'APIENTRY' : illegal use of type 'void' (Source\behavior_tree\src\main.cpp)
     1>C:\Program Files (x86)\Windows Kits\8.1\Include\um\GL/gl.h(1174): error C2086: 'int APIENTRY' : redefinition (Source\behavior_tree\src\main.cpp)
                 C:\Program Files (x86)\Windows Kits\8.1\Include\um\GL/gl.h(1157) : see declaration of 'APIENTRY'
     1>C:\Program Files (x86)\Windows Kits\8.1\Include\um\GL/gl.h(1175): error C2144: syntax error : 'void' should be preceded by ';' (Source\behavior_tree\src\main.cpp)
     1>C:\Program Files (x86)\Windows Kits\8.1\Include\um\GL/gl.h(1175): error C4430: missing type specifier - int assumed. Note: C++ does not support default-int (Source\behavior_tree\src\main.cpp)
     1>C:\Program Files (x86)\Windows Kits\8.1\Include\um\GL/gl.h(1175): error C2086: 'int WINGDIAPI' : redefinition (Source\behavior_tree\src\main.cpp)
                 C:\Program Files (x86)\Windows Kits\8.1\Include\um\GL/gl.h(1157) : see declaration of 'WINGDIAPI'
     1>C:\Program Files (x86)\Windows Kits\8.1\Include\um\GL/gl.h(1175): error C2146: syntax error : missing ';' before identifier 'glColor3bv' (Source\behavior_tree\src\main.cpp)
     1>C:\Program Files (x86)\Windows Kits\8.1\Include\um\GL/gl.h(1175): error C2182: 'APIENTRY' : illegal use of type 'void' (Source\behavior_tree\src\main.cpp)
     1>C:\Program Files (x86)\Windows Kits\8.1\Include\um\GL/gl.h(1175): error C2086: 'int APIENTRY' : redefinition (Source\behavior_tree\src\main.cpp)
                 C:\Program Files (x86)\Windows Kits\8.1\Include\um\GL/gl.h(1157) : see declaration of 'APIENTRY'
     1>C:\Program Files (x86)\Windows Kits\8.1\Include\um\GL/gl.h(1176): error C2144: syntax error : 'void' should be preceded by ';' (Source\behavior_tree\src\main.cpp)
     1>C:\Program Files (x86)\Windows Kits\8.1\Include\um\GL/gl.h(1176): error C4430: missing type specifier - int assumed. Note: C++ does not support default-int (Source\behavior_tree\src\main.cpp)
     1>C:\Program Files (x86)\Windows Kits\8.1\Include\um\GL/gl.h(1176): error C2086: 'int WINGDIAPI' : redefinition (Source\behavior_tree\src\main.cpp)
                 C:\Program Files (x86)\Windows Kits\8.1\Include\um\GL/gl.h(1157) : see declaration of 'WINGDIAPI'
     1>C:\Program Files (x86)\Windows Kits\8.1\Include\um\GL/gl.h(1176): error C2146: syntax error : missing ';' before identifier 'glColor3d' (Source\behavior_tree\src\main.cpp)
     1>C:\Program Files (x86)\Windows Kits\8.1\Include\um\GL/gl.h(1176): error C2182: 'APIENTRY' : illegal use of type 'void' (Source\behavior_tree\src\main.cpp)
     1>C:\Program Files (x86)\Windows Kits\8.1\Include\um\GL/gl.h(1176): error C2086: 'int APIENTRY' : redefinition (Source\behavior_tree\src\main.cpp)
                 C:\Program Files (x86)\Windows Kits\8.1\Include\um\GL/gl.h(1157) : see declaration of 'APIENTRY'
     1>C:\Program Files (x86)\Windows Kits\8.1\Include\um\GL/gl.h(1177): error C2144: syntax error : 'void' should be preceded by ';' (Source\behavior_tree\src\main.cpp)
     1>C:\Program Files (x86)\Windows Kits\8.1\Include\um\GL/gl.h(1177): error C4430: missing type specifier - int assumed. Note: C++ does not support default-int (Source\behavior_tree\src\main.cpp)
     1>C:\Program Files (x86)\Windows Kits\8.1\Include\um\GL/gl.h(1177): error C2086: 'int WINGDIAPI' : redefinition (Source\behavior_tree\src\main.cpp)
                 C:\Program Files (x86)\Windows Kits\8.1\Include\um\GL/gl.h(1157) : see declaration of 'WINGDIAPI'
     1>C:\Program Files (x86)\Windows Kits\8.1\Include\um\GL/gl.h(1177): error C2146: syntax error : missing ';' before identifier 'glColor3dv' (Source\behavior_tree\src\main.cpp)
     1>C:\Program Files (x86)\Windows Kits\8.1\Include\um\GL/gl.h(1177): error C2182: 'APIENTRY' : illegal use of type 'void' (Source\behavior_tree\src\main.cpp)
     1>C:\Program Files (x86)\Windows Kits\8.1\Include\um\GL/gl.h(1177): fatal error C1003: error count exceeds 100; stopping compilation (Source\behavior_tree\src\main.cpp)
     1>Done Building Project "C:\Users\amanz360\Documents\GitHub\MoleAI\MolePime\ExampleAIModule\ExampleAIModule.vcxproj" (Build target(s)) -- FAILED.

Build FAILED.

Time Elapsed 00:00:40.74
